DEBUG - 2025-07-09 12:22:46 --> Session: Class initialized using 'CodeIgniter\Session\Handlers\FileHandler' driver.
DEBUG - 2025-07-09 12:36:29 --> Session: Class initialized using 'CodeIgniter\Session\Handlers\FileHandler' driver.
DEBUG - 2025-07-09 12:36:37 --> Session: Class initialized using 'CodeIgniter\Session\Handlers\FileHandler' driver.
DEBUG - 2025-07-09 12:36:37 --> Session: Class initialized using 'CodeIgniter\Session\Handlers\FileHandler' driver.
DEBUG - 2025-07-09 12:36:46 --> Session: Class initialized using 'CodeIgniter\Session\Handlers\FileHandler' driver.
DEBUG - 2025-07-09 12:36:47 --> Session: Class initialized using 'CodeIgniter\Session\Handlers\FileHandler' driver.
DEBUG - 2025-07-09 12:40:33 --> Session: Class initialized using 'CodeIgniter\Session\Handlers\FileHandler' driver.
DEBUG - 2025-07-09 12:40:35 --> Session: Class initialized using 'CodeIgniter\Session\Handlers\FileHandler' driver.
DEBUG - 2025-07-09 12:40:36 --> Session: Class initialized using 'CodeIgniter\Session\Handlers\FileHandler' driver.
DEBUG - 2025-07-09 12:40:38 --> Session: Class initialized using 'CodeIgniter\Session\Handlers\FileHandler' driver.
DEBUG - 2025-07-09 12:40:39 --> Session: Class initialized using 'CodeIgniter\Session\Handlers\FileHandler' driver.
WARNING - 2025-07-09 12:40:39 --> [DEPRECATED] Implicit conversion from float 3.3200000000000003 to int loses precision in APPPATH\Controllers\Invoice.php on line 156.
 1 APPPATH\Controllers\Invoice.php(158): App\Controllers\Invoice->terbilang(3.3200000000000003)
 2 APPPATH\Controllers\Invoice.php(170): App\Controllers\Invoice->terbilang(13.32)
 3 APPPATH\Controllers\Invoice.php(142): App\Controllers\Invoice->terbilang(13320000.0)
 4 SYSTEMPATH\CodeIgniter.php(933): App\Controllers\Invoice->print('3')
 5 SYSTEMPATH\CodeIgniter.php(507): CodeIgniter\CodeIgniter->runController(Object(App\Controllers\Invoice))
 6 SYSTEMPATH\CodeIgniter.php(354): CodeIgniter\CodeIgniter->handleRequest(null, Object(Config\Cache), false)
 7 SYSTEMPATH\Boot.php(334): CodeIgniter\CodeIgniter->run()
 8 SYSTEMPATH\Boot.php(67): CodeIgniter\Boot::runCodeIgniter(Object(CodeIgniter\CodeIgniter))
 9 FCPATH\index.php(59): CodeIgniter\Boot::bootWeb(Object(Config\Paths))
10 SYSTEMPATH\rewrite.php(44): require_once('C:\\laragon\\www\\invoice-ci4\\public\\index.php')
WARNING - 2025-07-09 12:40:39 --> [DEPRECATED] Implicit conversion from float 3.2 to int loses precision in APPPATH\Controllers\Invoice.php on line 156.
 1 APPPATH\Controllers\Invoice.php(164): App\Controllers\Invoice->terbilang(3.2)
 2 APPPATH\Controllers\Invoice.php(168): App\Controllers\Invoice->terbilang(320)
 3 APPPATH\Controllers\Invoice.php(170): App\Controllers\Invoice->terbilang(320000)
 4 APPPATH\Controllers\Invoice.php(142): App\Controllers\Invoice->terbilang(13320000.0)
 5 SYSTEMPATH\CodeIgniter.php(933): App\Controllers\Invoice->print('3')
 6 SYSTEMPATH\CodeIgniter.php(507): CodeIgniter\CodeIgniter->runController(Object(App\Controllers\Invoice))
 7 SYSTEMPATH\CodeIgniter.php(354): CodeIgniter\CodeIgniter->handleRequest(null, Object(Config\Cache), false)
 8 SYSTEMPATH\Boot.php(334): CodeIgniter\CodeIgniter->run()
 9 SYSTEMPATH\Boot.php(67): CodeIgniter\Boot::runCodeIgniter(Object(CodeIgniter\CodeIgniter))
10 FCPATH\index.php(59): CodeIgniter\Boot::bootWeb(Object(Config\Paths))
11 SYSTEMPATH\rewrite.php(44): require_once('C:\\laragon\\www\\invoice-ci4\\public\\index.php')
DEBUG - 2025-07-09 12:41:24 --> Session: Class initialized using 'CodeIgniter\Session\Handlers\FileHandler' driver.
DEBUG - 2025-07-09 12:41:25 --> Session: Class initialized using 'CodeIgniter\Session\Handlers\FileHandler' driver.
DEBUG - 2025-07-09 12:42:45 --> Session: Class initialized using 'CodeIgniter\Session\Handlers\FileHandler' driver.
DEBUG - 2025-07-09 12:42:46 --> Session: Class initialized using 'CodeIgniter\Session\Handlers\FileHandler' driver.
DEBUG - 2025-07-09 12:44:58 --> Session: Class initialized using 'CodeIgniter\Session\Handlers\FileHandler' driver.
DEBUG - 2025-07-09 12:44:59 --> Session: Class initialized using 'CodeIgniter\Session\Handlers\FileHandler' driver.
DEBUG - 2025-07-09 12:45:00 --> Session: Class initialized using 'CodeIgniter\Session\Handlers\FileHandler' driver.
DEBUG - 2025-07-09 12:45:01 --> Session: Class initialized using 'CodeIgniter\Session\Handlers\FileHandler' driver.
DEBUG - 2025-07-09 12:45:02 --> Session: Class initialized using 'CodeIgniter\Session\Handlers\FileHandler' driver.
DEBUG - 2025-07-09 12:45:15 --> Session: Class initialized using 'CodeIgniter\Session\Handlers\FileHandler' driver.
DEBUG - 2025-07-09 12:45:16 --> Session: Class initialized using 'CodeIgniter\Session\Handlers\FileHandler' driver.
DEBUG - 2025-07-09 12:45:18 --> Session: Class initialized using 'CodeIgniter\Session\Handlers\FileHandler' driver.
DEBUG - 2025-07-09 12:45:22 --> Session: Class initialized using 'CodeIgniter\Session\Handlers\FileHandler' driver.
DEBUG - 2025-07-09 12:45:29 --> Session: Class initialized using 'CodeIgniter\Session\Handlers\FileHandler' driver.
DEBUG - 2025-07-09 12:45:30 --> Session: Class initialized using 'CodeIgniter\Session\Handlers\FileHandler' driver.
DEBUG - 2025-07-09 12:45:31 --> Session: Class initialized using 'CodeIgniter\Session\Handlers\FileHandler' driver.
DEBUG - 2025-07-09 12:45:32 --> Session: Class initialized using 'CodeIgniter\Session\Handlers\FileHandler' driver.
DEBUG - 2025-07-09 12:45:35 --> Session: Class initialized using 'CodeIgniter\Session\Handlers\FileHandler' driver.
DEBUG - 2025-07-09 12:46:49 --> Session: Class initialized using 'CodeIgniter\Session\Handlers\FileHandler' driver.
DEBUG - 2025-07-09 12:47:08 --> Session: Class initialized using 'CodeIgniter\Session\Handlers\FileHandler' driver.
DEBUG - 2025-07-09 12:47:54 --> Session: Class initialized using 'CodeIgniter\Session\Handlers\FileHandler' driver.
DEBUG - 2025-07-09 12:47:55 --> Session: Class initialized using 'CodeIgniter\Session\Handlers\FileHandler' driver.
DEBUG - 2025-07-09 12:47:58 --> Session: Class initialized using 'CodeIgniter\Session\Handlers\FileHandler' driver.
DEBUG - 2025-07-09 12:47:58 --> Session: Class initialized using 'CodeIgniter\Session\Handlers\FileHandler' driver.
DEBUG - 2025-07-09 12:48:15 --> Session: Class initialized using 'CodeIgniter\Session\Handlers\FileHandler' driver.
CRITICAL - 2025-07-09 12:48:15 --> ErrorException: Undefined property: App\Controllers\Rekanan::$validation
[Method: GET, Route: rekanan/create]
in APPPATH\Controllers\Rekanan.php on line 30.
 1 APPPATH\Controllers\Rekanan.php(30): CodeIgniter\Debug\Exceptions->errorHandler(2, 'Undefined property: App\\Controllers\\Rekanan::$validation', 'C:\\laragon\\www\\invoice-ci4\\app\\Controllers\\Rekanan.php', 30)
 2 SYSTEMPATH\CodeIgniter.php(933): App\Controllers\Rekanan->create()
 3 SYSTEMPATH\CodeIgniter.php(507): CodeIgniter\CodeIgniter->runController(Object(App\Controllers\Rekanan))
 4 SYSTEMPATH\CodeIgniter.php(354): CodeIgniter\CodeIgniter->handleRequest(null, Object(Config\Cache), false)
 5 SYSTEMPATH\Boot.php(334): CodeIgniter\CodeIgniter->run()
 6 SYSTEMPATH\Boot.php(67): CodeIgniter\Boot::runCodeIgniter(Object(CodeIgniter\CodeIgniter))
 7 FCPATH\index.php(59): CodeIgniter\Boot::bootWeb(Object(Config\Paths))
 8 SYSTEMPATH\rewrite.php(44): require_once('C:\\laragon\\www\\invoice-ci4\\public\\index.php')
DEBUG - 2025-07-09 12:48:21 --> Session: Class initialized using 'CodeIgniter\Session\Handlers\FileHandler' driver.
DEBUG - 2025-07-09 12:48:24 --> Session: Class initialized using 'CodeIgniter\Session\Handlers\FileHandler' driver.
CRITICAL - 2025-07-09 12:48:24 --> ErrorException: Undefined property: App\Controllers\Rekanan::$validation
[Method: GET, Route: rekanan/create]
in APPPATH\Controllers\Rekanan.php on line 30.
 1 APPPATH\Controllers\Rekanan.php(30): CodeIgniter\Debug\Exceptions->errorHandler(2, 'Undefined property: App\\Controllers\\Rekanan::$validation', 'C:\\laragon\\www\\invoice-ci4\\app\\Controllers\\Rekanan.php', 30)
 2 SYSTEMPATH\CodeIgniter.php(933): App\Controllers\Rekanan->create()
 3 SYSTEMPATH\CodeIgniter.php(507): CodeIgniter\CodeIgniter->runController(Object(App\Controllers\Rekanan))
 4 SYSTEMPATH\CodeIgniter.php(354): CodeIgniter\CodeIgniter->handleRequest(null, Object(Config\Cache), false)
 5 SYSTEMPATH\Boot.php(334): CodeIgniter\CodeIgniter->run()
 6 SYSTEMPATH\Boot.php(67): CodeIgniter\Boot::runCodeIgniter(Object(CodeIgniter\CodeIgniter))
 7 FCPATH\index.php(59): CodeIgniter\Boot::bootWeb(Object(Config\Paths))
 8 SYSTEMPATH\rewrite.php(44): require_once('C:\\laragon\\www\\invoice-ci4\\public\\index.php')
DEBUG - 2025-07-09 12:50:01 --> Session: Class initialized using 'CodeIgniter\Session\Handlers\FileHandler' driver.
DEBUG - 2025-07-09 16:50:05 --> Session: Class initialized using 'CodeIgniter\Session\Handlers\FileHandler' driver.
DEBUG - 2025-07-09 16:50:06 --> Session: Class initialized using 'CodeIgniter\Session\Handlers\FileHandler' driver.
DEBUG - 2025-07-09 16:50:13 --> Session: Class initialized using 'CodeIgniter\Session\Handlers\FileHandler' driver.
DEBUG - 2025-07-09 16:50:13 --> Session: Class initialized using 'CodeIgniter\Session\Handlers\FileHandler' driver.
DEBUG - 2025-07-09 16:50:18 --> Session: Class initialized using 'CodeIgniter\Session\Handlers\FileHandler' driver.
DEBUG - 2025-07-09 16:50:19 --> Session: Class initialized using 'CodeIgniter\Session\Handlers\FileHandler' driver.
DEBUG - 2025-07-09 16:50:21 --> Session: Class initialized using 'CodeIgniter\Session\Handlers\FileHandler' driver.
DEBUG - 2025-07-09 16:50:22 --> Session: Class initialized using 'CodeIgniter\Session\Handlers\FileHandler' driver.
DEBUG - 2025-07-09 16:50:33 --> Session: Class initialized using 'CodeIgniter\Session\Handlers\FileHandler' driver.
DEBUG - 2025-07-09 16:53:00 --> Session: Class initialized using 'CodeIgniter\Session\Handlers\FileHandler' driver.
DEBUG - 2025-07-09 16:54:01 --> Session: Class initialized using 'CodeIgniter\Session\Handlers\FileHandler' driver.
ERROR - 2025-07-09 16:54:01 --> mysqli_sql_exception: Unknown column 'created_at' in 'field list' in C:\laragon\www\invoice-ci4\system\Database\MySQLi\Connection.php:327
Stack trace:
#0 C:\laragon\www\invoice-ci4\system\Database\MySQLi\Connection.php(327): mysqli->query('INSERT INTO `tb...', 0)
#1 C:\laragon\www\invoice-ci4\system\Database\BaseConnection.php(738): CodeIgniter\Database\MySQLi\Connection->execute('INSERT INTO `tb...')
#2 C:\laragon\www\invoice-ci4\system\Database\BaseConnection.php(652): CodeIgniter\Database\BaseConnection->simpleQuery('INSERT INTO `tb...')
#3 C:\laragon\www\invoice-ci4\system\Database\BaseBuilder.php(2345): CodeIgniter\Database\BaseConnection->query('INSERT INTO `tb...', Array, false)
#4 C:\laragon\www\invoice-ci4\system\Model.php(394): CodeIgniter\Database\BaseBuilder->insert()
#5 C:\laragon\www\invoice-ci4\system\BaseModel.php(843): CodeIgniter\Model->doInsert(Array)
#6 C:\laragon\www\invoice-ci4\system\Model.php(800): CodeIgniter\BaseModel->insert(Array, true)
#7 C:\laragon\www\invoice-ci4\app\Controllers\Rekanan.php(53): CodeIgniter\Model->insert(Array)
#8 C:\laragon\www\invoice-ci4\system\CodeIgniter.php(933): App\Controllers\Rekanan->store()
#9 C:\laragon\www\invoice-ci4\system\CodeIgniter.php(507): CodeIgniter\CodeIgniter->runController(Object(App\Controllers\Rekanan))
#10 C:\laragon\www\invoice-ci4\system\CodeIgniter.php(354): CodeIgniter\CodeIgniter->handleRequest(NULL, Object(Config\Cache), false)
#11 C:\laragon\www\invoice-ci4\system\Boot.php(334): CodeIgniter\CodeIgniter->run()
#12 C:\laragon\www\invoice-ci4\system\Boot.php(67): CodeIgniter\Boot::runCodeIgniter(Object(CodeIgniter\CodeIgniter))
#13 C:\laragon\www\invoice-ci4\public\index.php(59): CodeIgniter\Boot::bootWeb(Object(Config\Paths))
#14 C:\laragon\www\invoice-ci4\system\rewrite.php(44): require_once('C:\\laragon\\www\\...')
#15 {main}
CRITICAL - 2025-07-09 16:54:01 --> CodeIgniter\Database\Exceptions\DatabaseException: Unknown column 'created_at' in 'field list'
[Method: POST, Route: rekanan/store]
in SYSTEMPATH\Database\BaseConnection.php on line 692.
 1 SYSTEMPATH\Database\BaseBuilder.php(2345): CodeIgniter\Database\BaseConnection->query('INSERT INTO `tbl_input_data_rekanan` (`nama_rek`, `alamat`, `npwp`, `created_at`, `updated_at`) VALUES (:nama_rek:, :alamat:, :npwp:, :created_at:, :updated_at:)', [...], false)
 2 SYSTEMPATH\Model.php(394): CodeIgniter\Database\BaseBuilder->insert()
 3 SYSTEMPATH\BaseModel.php(843): CodeIgniter\Model->doInsert([...])
 4 SYSTEMPATH\Model.php(800): CodeIgniter\BaseModel->insert([...], true)
 5 APPPATH\Controllers\Rekanan.php(53): CodeIgniter\Model->insert([...])
 6 SYSTEMPATH\CodeIgniter.php(933): App\Controllers\Rekanan->store()
 7 SYSTEMPATH\CodeIgniter.php(507): CodeIgniter\CodeIgniter->runController(Object(App\Controllers\Rekanan))
 8 SYSTEMPATH\CodeIgniter.php(354): CodeIgniter\CodeIgniter->handleRequest(null, Object(Config\Cache), false)
 9 SYSTEMPATH\Boot.php(334): CodeIgniter\CodeIgniter->run()
10 SYSTEMPATH\Boot.php(67): CodeIgniter\Boot::runCodeIgniter(Object(CodeIgniter\CodeIgniter))
11 FCPATH\index.php(59): CodeIgniter\Boot::bootWeb(Object(Config\Paths))
12 SYSTEMPATH\rewrite.php(44): require_once('C:\\laragon\\www\\invoice-ci4\\public\\index.php')
CRITICAL - 2025-07-09 16:54:01 --> [Caused by] CodeIgniter\Database\Exceptions\DatabaseException: Unknown column 'created_at' in 'field list'
in SYSTEMPATH\Database\MySQLi\Connection.php on line 332.
 1 SYSTEMPATH\Database\BaseConnection.php(738): CodeIgniter\Database\MySQLi\Connection->execute('INSERT INTO `tbl_input_data_rekanan` (`nama_rek`, `alamat`, `npwp`, `created_at`, `updated_at`) VALUES (\'Adhi - Jaya Konstruksi - Waskita KSO\', \'Jalan Raya Pasar Minggu Km. 18 Jakarta Selatan 12510\', \'00.000.000.0-000.000\', \'2025-07-09 16:54:01\', \'2025-07-09 16:54:01\')')
 2 SYSTEMPATH\Database\BaseConnection.php(652): CodeIgniter\Database\BaseConnection->simpleQuery('INSERT INTO `tbl_input_data_rekanan` (`nama_rek`, `alamat`, `npwp`, `created_at`, `updated_at`) VALUES (\'Adhi - Jaya Konstruksi - Waskita KSO\', \'Jalan Raya Pasar Minggu Km. 18 Jakarta Selatan 12510\', \'00.000.000.0-000.000\', \'2025-07-09 16:54:01\', \'2025-07-09 16:54:01\')')
 3 SYSTEMPATH\Database\BaseBuilder.php(2345): CodeIgniter\Database\BaseConnection->query('INSERT INTO `tbl_input_data_rekanan` (`nama_rek`, `alamat`, `npwp`, `created_at`, `updated_at`) VALUES (:nama_rek:, :alamat:, :npwp:, :created_at:, :updated_at:)', [...], false)
 4 SYSTEMPATH\Model.php(394): CodeIgniter\Database\BaseBuilder->insert()
 5 SYSTEMPATH\BaseModel.php(843): CodeIgniter\Model->doInsert([...])
 6 SYSTEMPATH\Model.php(800): CodeIgniter\BaseModel->insert([...], true)
 7 APPPATH\Controllers\Rekanan.php(53): CodeIgniter\Model->insert([...])
 8 SYSTEMPATH\CodeIgniter.php(933): App\Controllers\Rekanan->store()
 9 SYSTEMPATH\CodeIgniter.php(507): CodeIgniter\CodeIgniter->runController(Object(App\Controllers\Rekanan))
10 SYSTEMPATH\CodeIgniter.php(354): CodeIgniter\CodeIgniter->handleRequest(null, Object(Config\Cache), false)
11 SYSTEMPATH\Boot.php(334): CodeIgniter\CodeIgniter->run()
12 SYSTEMPATH\Boot.php(67): CodeIgniter\Boot::runCodeIgniter(Object(CodeIgniter\CodeIgniter))
13 FCPATH\index.php(59): CodeIgniter\Boot::bootWeb(Object(Config\Paths))
14 SYSTEMPATH\rewrite.php(44): require_once('C:\\laragon\\www\\invoice-ci4\\public\\index.php')
CRITICAL - 2025-07-09 16:54:01 --> [Caused by] mysqli_sql_exception: Unknown column 'created_at' in 'field list'
in SYSTEMPATH\Database\MySQLi\Connection.php on line 327.
 1 SYSTEMPATH\Database\MySQLi\Connection.php(327): mysqli->query('INSERT INTO `tbl_input_data_rekanan` (`nama_rek`, `alamat`, `npwp`, `created_at`, `updated_at`) VALUES (\'Adhi - Jaya Konstruksi - Waskita KSO\', \'Jalan Raya Pasar Minggu Km. 18 Jakarta Selatan 12510\', \'00.000.000.0-000.000\', \'2025-07-09 16:54:01\', \'2025-07-09 16:54:01\')', 0)
 2 SYSTEMPATH\Database\BaseConnection.php(738): CodeIgniter\Database\MySQLi\Connection->execute('INSERT INTO `tbl_input_data_rekanan` (`nama_rek`, `alamat`, `npwp`, `created_at`, `updated_at`) VALUES (\'Adhi - Jaya Konstruksi - Waskita KSO\', \'Jalan Raya Pasar Minggu Km. 18 Jakarta Selatan 12510\', \'00.000.000.0-000.000\', \'2025-07-09 16:54:01\', \'2025-07-09 16:54:01\')')
 3 SYSTEMPATH\Database\BaseConnection.php(652): CodeIgniter\Database\BaseConnection->simpleQuery('INSERT INTO `tbl_input_data_rekanan` (`nama_rek`, `alamat`, `npwp`, `created_at`, `updated_at`) VALUES (\'Adhi - Jaya Konstruksi - Waskita KSO\', \'Jalan Raya Pasar Minggu Km. 18 Jakarta Selatan 12510\', \'00.000.000.0-000.000\', \'2025-07-09 16:54:01\', \'2025-07-09 16:54:01\')')
 4 SYSTEMPATH\Database\BaseBuilder.php(2345): CodeIgniter\Database\BaseConnection->query('INSERT INTO `tbl_input_data_rekanan` (`nama_rek`, `alamat`, `npwp`, `created_at`, `updated_at`) VALUES (:nama_rek:, :alamat:, :npwp:, :created_at:, :updated_at:)', [...], false)
 5 SYSTEMPATH\Model.php(394): CodeIgniter\Database\BaseBuilder->insert()
 6 SYSTEMPATH\BaseModel.php(843): CodeIgniter\Model->doInsert([...])
 7 SYSTEMPATH\Model.php(800): CodeIgniter\BaseModel->insert([...], true)
 8 APPPATH\Controllers\Rekanan.php(53): CodeIgniter\Model->insert([...])
 9 SYSTEMPATH\CodeIgniter.php(933): App\Controllers\Rekanan->store()
10 SYSTEMPATH\CodeIgniter.php(507): CodeIgniter\CodeIgniter->runController(Object(App\Controllers\Rekanan))
11 SYSTEMPATH\CodeIgniter.php(354): CodeIgniter\CodeIgniter->handleRequest(null, Object(Config\Cache), false)
12 SYSTEMPATH\Boot.php(334): CodeIgniter\CodeIgniter->run()
13 SYSTEMPATH\Boot.php(67): CodeIgniter\Boot::runCodeIgniter(Object(CodeIgniter\CodeIgniter))
14 FCPATH\index.php(59): CodeIgniter\Boot::bootWeb(Object(Config\Paths))
15 SYSTEMPATH\rewrite.php(44): require_once('C:\\laragon\\www\\invoice-ci4\\public\\index.php')
DEBUG - 2025-07-09 16:55:37 --> Session: Class initialized using 'CodeIgniter\Session\Handlers\FileHandler' driver.
DEBUG - 2025-07-09 16:55:37 --> Session: Class initialized using 'CodeIgniter\Session\Handlers\FileHandler' driver.
DEBUG - 2025-07-09 16:56:36 --> Session: Class initialized using 'CodeIgniter\Session\Handlers\FileHandler' driver.
DEBUG - 2025-07-09 16:56:41 --> Session: Class initialized using 'CodeIgniter\Session\Handlers\FileHandler' driver.
ERROR - 2025-07-09 16:56:41 --> mysqli_sql_exception: Unknown column 'tbl_input_data_rekanan.id' in 'where clause' in C:\laragon\www\invoice-ci4\system\Database\MySQLi\Connection.php:327
Stack trace:
#0 C:\laragon\www\invoice-ci4\system\Database\MySQLi\Connection.php(327): mysqli->query('SELECT *\nFROM `...', 0)
#1 C:\laragon\www\invoice-ci4\system\Database\BaseConnection.php(738): CodeIgniter\Database\MySQLi\Connection->execute('SELECT *\nFROM `...')
#2 C:\laragon\www\invoice-ci4\system\Database\BaseConnection.php(652): CodeIgniter\Database\BaseConnection->simpleQuery('SELECT *\nFROM `...')
#3 C:\laragon\www\invoice-ci4\system\Database\BaseBuilder.php(1649): CodeIgniter\Database\BaseConnection->query('SELECT *\nFROM `...', Array, false)
#4 C:\laragon\www\invoice-ci4\system\Model.php(210): CodeIgniter\Database\BaseBuilder->get()
#5 C:\laragon\www\invoice-ci4\system\BaseModel.php(613): CodeIgniter\Model->doFind(true, '6')
#6 C:\laragon\www\invoice-ci4\app\Controllers\Rekanan.php(80): CodeIgniter\BaseModel->find('6')
#7 C:\laragon\www\invoice-ci4\system\CodeIgniter.php(933): App\Controllers\Rekanan->edit('6')
#8 C:\laragon\www\invoice-ci4\system\CodeIgniter.php(507): CodeIgniter\CodeIgniter->runController(Object(App\Controllers\Rekanan))
#9 C:\laragon\www\invoice-ci4\system\CodeIgniter.php(354): CodeIgniter\CodeIgniter->handleRequest(NULL, Object(Config\Cache), false)
#10 C:\laragon\www\invoice-ci4\system\Boot.php(334): CodeIgniter\CodeIgniter->run()
#11 C:\laragon\www\invoice-ci4\system\Boot.php(67): CodeIgniter\Boot::runCodeIgniter(Object(CodeIgniter\CodeIgniter))
#12 C:\laragon\www\invoice-ci4\public\index.php(59): CodeIgniter\Boot::bootWeb(Object(Config\Paths))
#13 C:\laragon\www\invoice-ci4\system\rewrite.php(44): require_once('C:\\laragon\\www\\...')
#14 {main}
CRITICAL - 2025-07-09 16:56:41 --> CodeIgniter\Database\Exceptions\DatabaseException: Unknown column 'tbl_input_data_rekanan.id' in 'where clause'
[Method: GET, Route: rekanan/edit/6]
in SYSTEMPATH\Database\BaseConnection.php on line 692.
 1 SYSTEMPATH\Database\BaseBuilder.php(1649): CodeIgniter\Database\BaseConnection->query('SELECT *
FROM `tbl_input_data_rekanan`
WHERE `tbl_input_data_rekanan`.`id` = :tbl_input_data_rekanan.id:', [...], false)
 2 SYSTEMPATH\Model.php(210): CodeIgniter\Database\BaseBuilder->get()
 3 SYSTEMPATH\BaseModel.php(613): CodeIgniter\Model->doFind(true, '6')
 4 APPPATH\Controllers\Rekanan.php(80): CodeIgniter\BaseModel->find('6')
 5 SYSTEMPATH\CodeIgniter.php(933): App\Controllers\Rekanan->edit('6')
 6 SYSTEMPATH\CodeIgniter.php(507): CodeIgniter\CodeIgniter->runController(Object(App\Controllers\Rekanan))
 7 SYSTEMPATH\CodeIgniter.php(354): CodeIgniter\CodeIgniter->handleRequest(null, Object(Config\Cache), false)
 8 SYSTEMPATH\Boot.php(334): CodeIgniter\CodeIgniter->run()
 9 SYSTEMPATH\Boot.php(67): CodeIgniter\Boot::runCodeIgniter(Object(CodeIgniter\CodeIgniter))
10 FCPATH\index.php(59): CodeIgniter\Boot::bootWeb(Object(Config\Paths))
11 SYSTEMPATH\rewrite.php(44): require_once('C:\\laragon\\www\\invoice-ci4\\public\\index.php')
CRITICAL - 2025-07-09 16:56:41 --> [Caused by] CodeIgniter\Database\Exceptions\DatabaseException: Unknown column 'tbl_input_data_rekanan.id' in 'where clause'
in SYSTEMPATH\Database\MySQLi\Connection.php on line 332.
 1 SYSTEMPATH\Database\BaseConnection.php(738): CodeIgniter\Database\MySQLi\Connection->execute('SELECT *
FROM `tbl_input_data_rekanan`
WHERE `tbl_input_data_rekanan`.`id` = \'6\'')
 2 SYSTEMPATH\Database\BaseConnection.php(652): CodeIgniter\Database\BaseConnection->simpleQuery('SELECT *
FROM `tbl_input_data_rekanan`
WHERE `tbl_input_data_rekanan`.`id` = \'6\'')
 3 SYSTEMPATH\Database\BaseBuilder.php(1649): CodeIgniter\Database\BaseConnection->query('SELECT *
FROM `tbl_input_data_rekanan`
WHERE `tbl_input_data_rekanan`.`id` = :tbl_input_data_rekanan.id:', [...], false)
 4 SYSTEMPATH\Model.php(210): CodeIgniter\Database\BaseBuilder->get()
 5 SYSTEMPATH\BaseModel.php(613): CodeIgniter\Model->doFind(true, '6')
 6 APPPATH\Controllers\Rekanan.php(80): CodeIgniter\BaseModel->find('6')
 7 SYSTEMPATH\CodeIgniter.php(933): App\Controllers\Rekanan->edit('6')
 8 SYSTEMPATH\CodeIgniter.php(507): CodeIgniter\CodeIgniter->runController(Object(App\Controllers\Rekanan))
 9 SYSTEMPATH\CodeIgniter.php(354): CodeIgniter\CodeIgniter->handleRequest(null, Object(Config\Cache), false)
10 SYSTEMPATH\Boot.php(334): CodeIgniter\CodeIgniter->run()
11 SYSTEMPATH\Boot.php(67): CodeIgniter\Boot::runCodeIgniter(Object(CodeIgniter\CodeIgniter))
12 FCPATH\index.php(59): CodeIgniter\Boot::bootWeb(Object(Config\Paths))
13 SYSTEMPATH\rewrite.php(44): require_once('C:\\laragon\\www\\invoice-ci4\\public\\index.php')
CRITICAL - 2025-07-09 16:56:41 --> [Caused by] mysqli_sql_exception: Unknown column 'tbl_input_data_rekanan.id' in 'where clause'
in SYSTEMPATH\Database\MySQLi\Connection.php on line 327.
 1 SYSTEMPATH\Database\MySQLi\Connection.php(327): mysqli->query('SELECT *
FROM `tbl_input_data_rekanan`
WHERE `tbl_input_data_rekanan`.`id` = \'6\'', 0)
 2 SYSTEMPATH\Database\BaseConnection.php(738): CodeIgniter\Database\MySQLi\Connection->execute('SELECT *
FROM `tbl_input_data_rekanan`
WHERE `tbl_input_data_rekanan`.`id` = \'6\'')
 3 SYSTEMPATH\Database\BaseConnection.php(652): CodeIgniter\Database\BaseConnection->simpleQuery('SELECT *
FROM `tbl_input_data_rekanan`
WHERE `tbl_input_data_rekanan`.`id` = \'6\'')
 4 SYSTEMPATH\Database\BaseBuilder.php(1649): CodeIgniter\Database\BaseConnection->query('SELECT *
FROM `tbl_input_data_rekanan`
WHERE `tbl_input_data_rekanan`.`id` = :tbl_input_data_rekanan.id:', [...], false)
 5 SYSTEMPATH\Model.php(210): CodeIgniter\Database\BaseBuilder->get()
 6 SYSTEMPATH\BaseModel.php(613): CodeIgniter\Model->doFind(true, '6')
 7 APPPATH\Controllers\Rekanan.php(80): CodeIgniter\BaseModel->find('6')
 8 SYSTEMPATH\CodeIgniter.php(933): App\Controllers\Rekanan->edit('6')
 9 SYSTEMPATH\CodeIgniter.php(507): CodeIgniter\CodeIgniter->runController(Object(App\Controllers\Rekanan))
10 SYSTEMPATH\CodeIgniter.php(354): CodeIgniter\CodeIgniter->handleRequest(null, Object(Config\Cache), false)
11 SYSTEMPATH\Boot.php(334): CodeIgniter\CodeIgniter->run()
12 SYSTEMPATH\Boot.php(67): CodeIgniter\Boot::runCodeIgniter(Object(CodeIgniter\CodeIgniter))
13 FCPATH\index.php(59): CodeIgniter\Boot::bootWeb(Object(Config\Paths))
14 SYSTEMPATH\rewrite.php(44): require_once('C:\\laragon\\www\\invoice-ci4\\public\\index.php')
DEBUG - 2025-07-09 17:00:40 --> Session: Class initialized using 'CodeIgniter\Session\Handlers\FileHandler' driver.
CRITICAL - 2025-07-09 17:00:40 --> ErrorException: Undefined property: App\Controllers\Rekanan::$validation
[Method: GET, Route: rekanan/edit/6]
in APPPATH\Controllers\Rekanan.php on line 89.
 1 APPPATH\Controllers\Rekanan.php(89): CodeIgniter\Debug\Exceptions->errorHandler(2, 'Undefined property: App\\Controllers\\Rekanan::$validation', 'C:\\laragon\\www\\invoice-ci4\\app\\Controllers\\Rekanan.php', 89)
 2 SYSTEMPATH\CodeIgniter.php(933): App\Controllers\Rekanan->edit('6')
 3 SYSTEMPATH\CodeIgniter.php(507): CodeIgniter\CodeIgniter->runController(Object(App\Controllers\Rekanan))
 4 SYSTEMPATH\CodeIgniter.php(354): CodeIgniter\CodeIgniter->handleRequest(null, Object(Config\Cache), false)
 5 SYSTEMPATH\Boot.php(334): CodeIgniter\CodeIgniter->run()
 6 SYSTEMPATH\Boot.php(67): CodeIgniter\Boot::runCodeIgniter(Object(CodeIgniter\CodeIgniter))
 7 FCPATH\index.php(59): CodeIgniter\Boot::bootWeb(Object(Config\Paths))
 8 SYSTEMPATH\rewrite.php(44): require_once('C:\\laragon\\www\\invoice-ci4\\public\\index.php')
DEBUG - 2025-07-09 17:01:26 --> Session: Class initialized using 'CodeIgniter\Session\Handlers\FileHandler' driver.
CRITICAL - 2025-07-09 17:01:26 --> ErrorException: Undefined array key "nama_rekanan"
[Method: GET, Route: rekanan/edit/6]
in APPPATH\Views\rekanan\edit.php on line 7.
 1 APPPATH\Views\rekanan\edit.php(7): CodeIgniter\Debug\Exceptions->errorHandler(2, 'Undefined array key "nama_rekanan"', 'C:\\laragon\\www\\invoice-ci4\\app\\Views\\rekanan\\edit.php', 7)
 2 SYSTEMPATH\View\View.php(224): include('C:\\laragon\\www\\invoice-ci4\\app\\Views\\rekanan\\edit.php')
 3 SYSTEMPATH\View\View.php(227): CodeIgniter\View\View->CodeIgniter\View\{closure}()
 4 SYSTEMPATH\Common.php(1173): CodeIgniter\View\View->render('rekanan/edit', [], true)
 5 APPPATH\Controllers\Rekanan.php(92): view('rekanan/edit', [...])
 6 SYSTEMPATH\CodeIgniter.php(933): App\Controllers\Rekanan->edit('6')
 7 SYSTEMPATH\CodeIgniter.php(507): CodeIgniter\CodeIgniter->runController(Object(App\Controllers\Rekanan))
 8 SYSTEMPATH\CodeIgniter.php(354): CodeIgniter\CodeIgniter->handleRequest(null, Object(Config\Cache), false)
 9 SYSTEMPATH\Boot.php(334): CodeIgniter\CodeIgniter->run()
10 SYSTEMPATH\Boot.php(67): CodeIgniter\Boot::runCodeIgniter(Object(CodeIgniter\CodeIgniter))
11 FCPATH\index.php(59): CodeIgniter\Boot::bootWeb(Object(Config\Paths))
12 SYSTEMPATH\rewrite.php(44): require_once('C:\\laragon\\www\\invoice-ci4\\public\\index.php')
DEBUG - 2025-07-09 17:02:16 --> Session: Class initialized using 'CodeIgniter\Session\Handlers\FileHandler' driver.
CRITICAL - 2025-07-09 17:02:16 --> ErrorException: Undefined array key "id"
[Method: GET, Route: rekanan/edit/6]
in APPPATH\Views\rekanan\edit.php on line 19.
 1 APPPATH\Views\rekanan\edit.php(19): CodeIgniter\Debug\Exceptions->errorHandler(2, 'Undefined array key "id"', 'C:\\laragon\\www\\invoice-ci4\\app\\Views\\rekanan\\edit.php', 19)
 2 SYSTEMPATH\View\View.php(224): include('C:\\laragon\\www\\invoice-ci4\\app\\Views\\rekanan\\edit.php')
 3 SYSTEMPATH\View\View.php(227): CodeIgniter\View\View->CodeIgniter\View\{closure}()
 4 SYSTEMPATH\Common.php(1173): CodeIgniter\View\View->render('rekanan/edit', [], true)
 5 APPPATH\Controllers\Rekanan.php(92): view('rekanan/edit', [...])
 6 SYSTEMPATH\CodeIgniter.php(933): App\Controllers\Rekanan->edit('6')
 7 SYSTEMPATH\CodeIgniter.php(507): CodeIgniter\CodeIgniter->runController(Object(App\Controllers\Rekanan))
 8 SYSTEMPATH\CodeIgniter.php(354): CodeIgniter\CodeIgniter->handleRequest(null, Object(Config\Cache), false)
 9 SYSTEMPATH\Boot.php(334): CodeIgniter\CodeIgniter->run()
10 SYSTEMPATH\Boot.php(67): CodeIgniter\Boot::runCodeIgniter(Object(CodeIgniter\CodeIgniter))
11 FCPATH\index.php(59): CodeIgniter\Boot::bootWeb(Object(Config\Paths))
12 SYSTEMPATH\rewrite.php(44): require_once('C:\\laragon\\www\\invoice-ci4\\public\\index.php')
DEBUG - 2025-07-09 17:02:52 --> Session: Class initialized using 'CodeIgniter\Session\Handlers\FileHandler' driver.
CRITICAL - 2025-07-09 17:02:52 --> ErrorException: Undefined array key "kode_rekanan"
[Method: GET, Route: rekanan/edit/6]
in APPPATH\Views\rekanan\edit.php on line 25.
 1 APPPATH\Views\rekanan\edit.php(25): CodeIgniter\Debug\Exceptions->errorHandler(2, 'Undefined array key "kode_rekanan"', 'C:\\laragon\\www\\invoice-ci4\\app\\Views\\rekanan\\edit.php', 25)
 2 SYSTEMPATH\View\View.php(224): include('C:\\laragon\\www\\invoice-ci4\\app\\Views\\rekanan\\edit.php')
 3 SYSTEMPATH\View\View.php(227): CodeIgniter\View\View->CodeIgniter\View\{closure}()
 4 SYSTEMPATH\Common.php(1173): CodeIgniter\View\View->render('rekanan/edit', [], true)
 5 APPPATH\Controllers\Rekanan.php(92): view('rekanan/edit', [...])
 6 SYSTEMPATH\CodeIgniter.php(933): App\Controllers\Rekanan->edit('6')
 7 SYSTEMPATH\CodeIgniter.php(507): CodeIgniter\CodeIgniter->runController(Object(App\Controllers\Rekanan))
 8 SYSTEMPATH\CodeIgniter.php(354): CodeIgniter\CodeIgniter->handleRequest(null, Object(Config\Cache), false)
 9 SYSTEMPATH\Boot.php(334): CodeIgniter\CodeIgniter->run()
10 SYSTEMPATH\Boot.php(67): CodeIgniter\Boot::runCodeIgniter(Object(CodeIgniter\CodeIgniter))
11 FCPATH\index.php(59): CodeIgniter\Boot::bootWeb(Object(Config\Paths))
12 SYSTEMPATH\rewrite.php(44): require_once('C:\\laragon\\www\\invoice-ci4\\public\\index.php')
DEBUG - 2025-07-09 17:04:28 --> Session: Class initialized using 'CodeIgniter\Session\Handlers\FileHandler' driver.
DEBUG - 2025-07-09 17:05:04 --> Session: Class initialized using 'CodeIgniter\Session\Handlers\FileHandler' driver.
DEBUG - 2025-07-09 17:05:04 --> Session: Class initialized using 'CodeIgniter\Session\Handlers\FileHandler' driver.
DEBUG - 2025-07-09 17:05:25 --> Session: Class initialized using 'CodeIgniter\Session\Handlers\FileHandler' driver.
DEBUG - 2025-07-09 17:05:25 --> Session: Class initialized using 'CodeIgniter\Session\Handlers\FileHandler' driver.
DEBUG - 2025-07-09 17:10:46 --> Session: Class initialized using 'CodeIgniter\Session\Handlers\FileHandler' driver.
DEBUG - 2025-07-09 17:10:46 --> Session: Class initialized using 'CodeIgniter\Session\Handlers\FileHandler' driver.
DEBUG - 2025-07-09 17:11:51 --> Session: Class initialized using 'CodeIgniter\Session\Handlers\FileHandler' driver.
CRITICAL - 2025-07-09 17:11:51 --> CodeIgniter\Database\Exceptions\DataException: There is no data to update.
[Method: GET, Route: rekanan/delete/6]
in SYSTEMPATH\BaseModel.php on line 1014.
 1 SYSTEMPATH\BaseModel.php(1014): CodeIgniter\Database\Exceptions\DataException::forEmptyDataset('update')
 2 SYSTEMPATH\Model.php(863): CodeIgniter\BaseModel->update([...], [])
 3 APPPATH\Controllers\Rekanan.php(137): CodeIgniter\Model->update('6', [...])
 4 SYSTEMPATH\CodeIgniter.php(933): App\Controllers\Rekanan->delete('6')
 5 SYSTEMPATH\CodeIgniter.php(507): CodeIgniter\CodeIgniter->runController(Object(App\Controllers\Rekanan))
 6 SYSTEMPATH\CodeIgniter.php(354): CodeIgniter\CodeIgniter->handleRequest(null, Object(Config\Cache), false)
 7 SYSTEMPATH\Boot.php(334): CodeIgniter\CodeIgniter->run()
 8 SYSTEMPATH\Boot.php(67): CodeIgniter\Boot::runCodeIgniter(Object(CodeIgniter\CodeIgniter))
 9 FCPATH\index.php(59): CodeIgniter\Boot::bootWeb(Object(Config\Paths))
10 SYSTEMPATH\rewrite.php(44): require_once('C:\\laragon\\www\\invoice-ci4\\public\\index.php')
DEBUG - 2025-07-09 17:12:47 --> Session: Class initialized using 'CodeIgniter\Session\Handlers\FileHandler' driver.
DEBUG - 2025-07-09 17:12:48 --> Session: Class initialized using 'CodeIgniter\Session\Handlers\FileHandler' driver.
DEBUG - 2025-07-09 17:12:57 --> Session: Class initialized using 'CodeIgniter\Session\Handlers\FileHandler' driver.
DEBUG - 2025-07-09 17:13:00 --> Session: Class initialized using 'CodeIgniter\Session\Handlers\FileHandler' driver.
DEBUG - 2025-07-09 17:13:04 --> Session: Class initialized using 'CodeIgniter\Session\Handlers\FileHandler' driver.
DEBUG - 2025-07-09 17:13:23 --> Session: Class initialized using 'CodeIgniter\Session\Handlers\FileHandler' driver.
DEBUG - 2025-07-09 17:13:27 --> Session: Class initialized using 'CodeIgniter\Session\Handlers\FileHandler' driver.
DEBUG - 2025-07-09 17:13:33 --> Session: Class initialized using 'CodeIgniter\Session\Handlers\FileHandler' driver.
DEBUG - 2025-07-09 17:15:25 --> Session: Class initialized using 'CodeIgniter\Session\Handlers\FileHandler' driver.
DEBUG - 2025-07-09 17:15:32 --> Session: Class initialized using 'CodeIgniter\Session\Handlers\FileHandler' driver.
CRITICAL - 2025-07-09 17:15:32 --> ErrorException: Undefined property: App\Controllers\Pemesanan::$validation
[Method: GET, Route: pemesanan/create]
in APPPATH\Controllers\Pemesanan.php on line 40.
 1 APPPATH\Controllers\Pemesanan.php(40): CodeIgniter\Debug\Exceptions->errorHandler(2, 'Undefined property: App\\Controllers\\Pemesanan::$validation', 'C:\\laragon\\www\\invoice-ci4\\app\\Controllers\\Pemesanan.php', 40)
 2 SYSTEMPATH\CodeIgniter.php(933): App\Controllers\Pemesanan->create()
 3 SYSTEMPATH\CodeIgniter.php(507): CodeIgniter\CodeIgniter->runController(Object(App\Controllers\Pemesanan))
 4 SYSTEMPATH\CodeIgniter.php(354): CodeIgniter\CodeIgniter->handleRequest(null, Object(Config\Cache), false)
 5 SYSTEMPATH\Boot.php(334): CodeIgniter\CodeIgniter->run()
 6 SYSTEMPATH\Boot.php(67): CodeIgniter\Boot::runCodeIgniter(Object(CodeIgniter\CodeIgniter))
 7 FCPATH\index.php(59): CodeIgniter\Boot::bootWeb(Object(Config\Paths))
 8 SYSTEMPATH\rewrite.php(44): require_once('C:\\laragon\\www\\invoice-ci4\\public\\index.php')
DEBUG - 2025-07-09 17:18:12 --> Session: Class initialized using 'CodeIgniter\Session\Handlers\FileHandler' driver.
CRITICAL - 2025-07-09 17:18:12 --> ErrorException: Undefined array key "id"
[Method: GET, Route: pemesanan/create]
in APPPATH\Views\pemesanan\create.php on line 62.
 1 APPPATH\Views\pemesanan\create.php(62): CodeIgniter\Debug\Exceptions->errorHandler(2, 'Undefined array key "id"', 'C:\\laragon\\www\\invoice-ci4\\app\\Views\\pemesanan\\create.php', 62)
 2 SYSTEMPATH\View\View.php(224): include('C:\\laragon\\www\\invoice-ci4\\app\\Views\\pemesanan\\create.php')
 3 SYSTEMPATH\View\View.php(227): CodeIgniter\View\View->CodeIgniter\View\{closure}()
 4 SYSTEMPATH\Common.php(1173): CodeIgniter\View\View->render('pemesanan/create', [], true)
 5 APPPATH\Controllers\Pemesanan.php(43): view('pemesanan/create', [...])
 6 SYSTEMPATH\CodeIgniter.php(933): App\Controllers\Pemesanan->create()
 7 SYSTEMPATH\CodeIgniter.php(507): CodeIgniter\CodeIgniter->runController(Object(App\Controllers\Pemesanan))
 8 SYSTEMPATH\CodeIgniter.php(354): CodeIgniter\CodeIgniter->handleRequest(null, Object(Config\Cache), false)
 9 SYSTEMPATH\Boot.php(334): CodeIgniter\CodeIgniter->run()
10 SYSTEMPATH\Boot.php(67): CodeIgniter\Boot::runCodeIgniter(Object(CodeIgniter\CodeIgniter))
11 FCPATH\index.php(59): CodeIgniter\Boot::bootWeb(Object(Config\Paths))
12 SYSTEMPATH\rewrite.php(44): require_once('C:\\laragon\\www\\invoice-ci4\\public\\index.php')
DEBUG - 2025-07-09 17:19:07 --> Session: Class initialized using 'CodeIgniter\Session\Handlers\FileHandler' driver.
CRITICAL - 2025-07-09 17:19:07 --> ErrorException: Undefined array key "id"
[Method: GET, Route: pemesanan/create]
in APPPATH\Views\pemesanan\create.php on line 81.
 1 APPPATH\Views\pemesanan\create.php(81): CodeIgniter\Debug\Exceptions->errorHandler(2, 'Undefined array key "id"', 'C:\\laragon\\www\\invoice-ci4\\app\\Views\\pemesanan\\create.php', 81)
 2 SYSTEMPATH\View\View.php(224): include('C:\\laragon\\www\\invoice-ci4\\app\\Views\\pemesanan\\create.php')
 3 SYSTEMPATH\View\View.php(227): CodeIgniter\View\View->CodeIgniter\View\{closure}()
 4 SYSTEMPATH\Common.php(1173): CodeIgniter\View\View->render('pemesanan/create', [], true)
 5 APPPATH\Controllers\Pemesanan.php(43): view('pemesanan/create', [...])
 6 SYSTEMPATH\CodeIgniter.php(933): App\Controllers\Pemesanan->create()
 7 SYSTEMPATH\CodeIgniter.php(507): CodeIgniter\CodeIgniter->runController(Object(App\Controllers\Pemesanan))
 8 SYSTEMPATH\CodeIgniter.php(354): CodeIgniter\CodeIgniter->handleRequest(null, Object(Config\Cache), false)
 9 SYSTEMPATH\Boot.php(334): CodeIgniter\CodeIgniter->run()
10 SYSTEMPATH\Boot.php(67): CodeIgniter\Boot::runCodeIgniter(Object(CodeIgniter\CodeIgniter))
11 FCPATH\index.php(59): CodeIgniter\Boot::bootWeb(Object(Config\Paths))
12 SYSTEMPATH\rewrite.php(44): require_once('C:\\laragon\\www\\invoice-ci4\\public\\index.php')
DEBUG - 2025-07-09 17:19:10 --> Session: Class initialized using 'CodeIgniter\Session\Handlers\FileHandler' driver.
CRITICAL - 2025-07-09 17:19:10 --> ErrorException: Undefined array key "id"
[Method: GET, Route: pemesanan/create]
in APPPATH\Views\pemesanan\create.php on line 81.
 1 APPPATH\Views\pemesanan\create.php(81): CodeIgniter\Debug\Exceptions->errorHandler(2, 'Undefined array key "id"', 'C:\\laragon\\www\\invoice-ci4\\app\\Views\\pemesanan\\create.php', 81)
 2 SYSTEMPATH\View\View.php(224): include('C:\\laragon\\www\\invoice-ci4\\app\\Views\\pemesanan\\create.php')
 3 SYSTEMPATH\View\View.php(227): CodeIgniter\View\View->CodeIgniter\View\{closure}()
 4 SYSTEMPATH\Common.php(1173): CodeIgniter\View\View->render('pemesanan/create', [], true)
 5 APPPATH\Controllers\Pemesanan.php(43): view('pemesanan/create', [...])
 6 SYSTEMPATH\CodeIgniter.php(933): App\Controllers\Pemesanan->create()
 7 SYSTEMPATH\CodeIgniter.php(507): CodeIgniter\CodeIgniter->runController(Object(App\Controllers\Pemesanan))
 8 SYSTEMPATH\CodeIgniter.php(354): CodeIgniter\CodeIgniter->handleRequest(null, Object(Config\Cache), false)
 9 SYSTEMPATH\Boot.php(334): CodeIgniter\CodeIgniter->run()
10 SYSTEMPATH\Boot.php(67): CodeIgniter\Boot::runCodeIgniter(Object(CodeIgniter\CodeIgniter))
11 FCPATH\index.php(59): CodeIgniter\Boot::bootWeb(Object(Config\Paths))
12 SYSTEMPATH\rewrite.php(44): require_once('C:\\laragon\\www\\invoice-ci4\\public\\index.php')
DEBUG - 2025-07-09 17:19:45 --> Session: Class initialized using 'CodeIgniter\Session\Handlers\FileHandler' driver.
DEBUG - 2025-07-09 17:21:21 --> Session: Class initialized using 'CodeIgniter\Session\Handlers\FileHandler' driver.
DEBUG - 2025-07-09 17:25:53 --> Session: Class initialized using 'CodeIgniter\Session\Handlers\FileHandler' driver.
DEBUG - 2025-07-09 17:27:58 --> Session: Class initialized using 'CodeIgniter\Session\Handlers\FileHandler' driver.
DEBUG - 2025-07-09 17:28:21 --> Session: Class initialized using 'CodeIgniter\Session\Handlers\FileHandler' driver.
DEBUG - 2025-07-09 17:28:25 --> Session: Class initialized using 'CodeIgniter\Session\Handlers\FileHandler' driver.
DEBUG - 2025-07-09 17:28:46 --> Session: Class initialized using 'CodeIgniter\Session\Handlers\FileHandler' driver.
DEBUG - 2025-07-09 17:28:47 --> Session: Class initialized using 'CodeIgniter\Session\Handlers\FileHandler' driver.
DEBUG - 2025-07-09 17:34:58 --> Session: Class initialized using 'CodeIgniter\Session\Handlers\FileHandler' driver.
DEBUG - 2025-07-09 17:34:58 --> Session: Class initialized using 'CodeIgniter\Session\Handlers\FileHandler' driver.
DEBUG - 2025-07-09 17:36:26 --> Session: Class initialized using 'CodeIgniter\Session\Handlers\FileHandler' driver.
DEBUG - 2025-07-09 17:36:26 --> Session: Class initialized using 'CodeIgniter\Session\Handlers\FileHandler' driver.
DEBUG - 2025-07-09 17:36:34 --> Session: Class initialized using 'CodeIgniter\Session\Handlers\FileHandler' driver.
DEBUG - 2025-07-09 17:36:34 --> Session: Class initialized using 'CodeIgniter\Session\Handlers\FileHandler' driver.
DEBUG - 2025-07-09 17:36:36 --> Session: Class initialized using 'CodeIgniter\Session\Handlers\FileHandler' driver.
DEBUG - 2025-07-09 17:36:36 --> Session: Class initialized using 'CodeIgniter\Session\Handlers\FileHandler' driver.
DEBUG - 2025-07-09 17:36:48 --> Session: Class initialized using 'CodeIgniter\Session\Handlers\FileHandler' driver.
DEBUG - 2025-07-09 17:36:48 --> Session: Class initialized using 'CodeIgniter\Session\Handlers\FileHandler' driver.
DEBUG - 2025-07-09 17:38:04 --> Session: Class initialized using 'CodeIgniter\Session\Handlers\FileHandler' driver.
DEBUG - 2025-07-09 17:38:04 --> Session: Class initialized using 'CodeIgniter\Session\Handlers\FileHandler' driver.
DEBUG - 2025-07-09 17:38:22 --> Session: Class initialized using 'CodeIgniter\Session\Handlers\FileHandler' driver.
DEBUG - 2025-07-09 17:38:27 --> Session: Class initialized using 'CodeIgniter\Session\Handlers\FileHandler' driver.
DEBUG - 2025-07-09 17:41:24 --> Session: Class initialized using 'CodeIgniter\Session\Handlers\FileHandler' driver.
DEBUG - 2025-07-09 17:41:59 --> Session: Class initialized using 'CodeIgniter\Session\Handlers\FileHandler' driver.
DEBUG - 2025-07-09 17:42:00 --> Session: Class initialized using 'CodeIgniter\Session\Handlers\FileHandler' driver.
DEBUG - 2025-07-09 17:42:02 --> Session: Class initialized using 'CodeIgniter\Session\Handlers\FileHandler' driver.
DEBUG - 2025-07-09 17:42:05 --> Session: Class initialized using 'CodeIgniter\Session\Handlers\FileHandler' driver.
DEBUG - 2025-07-09 17:42:06 --> Session: Class initialized using 'CodeIgniter\Session\Handlers\FileHandler' driver.
DEBUG - 2025-07-09 17:42:07 --> Session: Class initialized using 'CodeIgniter\Session\Handlers\FileHandler' driver.
DEBUG - 2025-07-09 17:42:11 --> Session: Class initialized using 'CodeIgniter\Session\Handlers\FileHandler' driver.
DEBUG - 2025-07-09 17:42:25 --> Session: Class initialized using 'CodeIgniter\Session\Handlers\FileHandler' driver.
DEBUG - 2025-07-09 17:42:29 --> Session: Class initialized using 'CodeIgniter\Session\Handlers\FileHandler' driver.
ERROR - 2025-07-09 17:42:29 --> mysqli_sql_exception: Table 'test.rekanan' doesn't exist in C:\laragon\www\invoice-ci4\system\Database\MySQLi\Connection.php:327
Stack trace:
#0 C:\laragon\www\invoice-ci4\system\Database\MySQLi\Connection.php(327): mysqli->query('SELECT `tbl_men...', 0)
#1 C:\laragon\www\invoice-ci4\system\Database\BaseConnection.php(738): CodeIgniter\Database\MySQLi\Connection->execute('SELECT `tbl_men...')
#2 C:\laragon\www\invoice-ci4\system\Database\BaseConnection.php(652): CodeIgniter\Database\BaseConnection->simpleQuery('SELECT `tbl_men...')
#3 C:\laragon\www\invoice-ci4\system\Database\BaseBuilder.php(1649): CodeIgniter\Database\BaseConnection->query('SELECT `tbl_men...', Array, false)
#4 C:\laragon\www\invoice-ci4\system\Model.php(210): CodeIgniter\Database\BaseBuilder->get()
#5 C:\laragon\www\invoice-ci4\system\BaseModel.php(613): CodeIgniter\Model->doFind(true, '4')
#6 C:\laragon\www\invoice-ci4\app\Controllers\Invoice.php(36): CodeIgniter\BaseModel->find('4')
#7 C:\laragon\www\invoice-ci4\system\CodeIgniter.php(933): App\Controllers\Invoice->create('4')
#8 C:\laragon\www\invoice-ci4\system\CodeIgniter.php(507): CodeIgniter\CodeIgniter->runController(Object(App\Controllers\Invoice))
#9 C:\laragon\www\invoice-ci4\system\CodeIgniter.php(354): CodeIgniter\CodeIgniter->handleRequest(NULL, Object(Config\Cache), false)
#10 C:\laragon\www\invoice-ci4\system\Boot.php(334): CodeIgniter\CodeIgniter->run()
#11 C:\laragon\www\invoice-ci4\system\Boot.php(67): CodeIgniter\Boot::runCodeIgniter(Object(CodeIgniter\CodeIgniter))
#12 C:\laragon\www\invoice-ci4\public\index.php(59): CodeIgniter\Boot::bootWeb(Object(Config\Paths))
#13 C:\laragon\www\invoice-ci4\system\rewrite.php(44): require_once('C:\\laragon\\www\\...')
#14 {main}
CRITICAL - 2025-07-09 17:42:29 --> CodeIgniter\Database\Exceptions\DatabaseException: Table 'test.rekanan' doesn't exist
[Method: GET, Route: invoice/create/4]
in SYSTEMPATH\Database\BaseConnection.php on line 692.
 1 SYSTEMPATH\Database\BaseBuilder.php(1649): CodeIgniter\Database\BaseConnection->query('SELECT `tbl_mengelola_pemesanan`.*, `tbl_input_data_rekanan`.`nama_rek`, `tbl_input_data_rekanan`.`alamat`, `tbl_input_data_rekanan`.`npwp`, `tbl_input_data_rekanan`.`telepon`, `tbl_input_data_produk`.`nama_jenis_produk`, `produk`.`nama_kategori_produk`, `produk`.`satuan`
FROM `tbl_mengelola_pemesanan`
JOIN `rekanan` ON `rekanan`.`id` = `tbl_mengelola_pemesanan`.`rekanan_id`
JOIN `tbl_input_data_rekanan` ON `tbl_input_data_rekanan`.`nama_rek` = `tbl_mengelola_pemesanan`.`nama_rek`
JOIN `tbl_input_data_produk` ON `tbl_input_data_produk`.`nama_jenis_produk` = `tbl_mengelola_pemesanan`.`nama_jenis_produk`
JOIN `produk` ON `produk`.`id` = `tbl_mengelola_pemesanan`.`produk_id`
WHERE `tbl_mengelola_pemesanan`.`id_so` = :tbl_mengelola_pemesanan.id_so:', [...], false)
 2 SYSTEMPATH\Model.php(210): CodeIgniter\Database\BaseBuilder->get()
 3 SYSTEMPATH\BaseModel.php(613): CodeIgniter\Model->doFind(true, '4')
 4 APPPATH\Controllers\Invoice.php(36): CodeIgniter\BaseModel->find('4')
 5 SYSTEMPATH\CodeIgniter.php(933): App\Controllers\Invoice->create('4')
 6 SYSTEMPATH\CodeIgniter.php(507): CodeIgniter\CodeIgniter->runController(Object(App\Controllers\Invoice))
 7 SYSTEMPATH\CodeIgniter.php(354): CodeIgniter\CodeIgniter->handleRequest(null, Object(Config\Cache), false)
 8 SYSTEMPATH\Boot.php(334): CodeIgniter\CodeIgniter->run()
 9 SYSTEMPATH\Boot.php(67): CodeIgniter\Boot::runCodeIgniter(Object(CodeIgniter\CodeIgniter))
10 FCPATH\index.php(59): CodeIgniter\Boot::bootWeb(Object(Config\Paths))
11 SYSTEMPATH\rewrite.php(44): require_once('C:\\laragon\\www\\invoice-ci4\\public\\index.php')
CRITICAL - 2025-07-09 17:42:29 --> [Caused by] CodeIgniter\Database\Exceptions\DatabaseException: Table 'test.rekanan' doesn't exist
in SYSTEMPATH\Database\MySQLi\Connection.php on line 332.
 1 SYSTEMPATH\Database\BaseConnection.php(738): CodeIgniter\Database\MySQLi\Connection->execute('SELECT `tbl_mengelola_pemesanan`.*, `tbl_input_data_rekanan`.`nama_rek`, `tbl_input_data_rekanan`.`alamat`, `tbl_input_data_rekanan`.`npwp`, `tbl_input_data_rekanan`.`telepon`, `tbl_input_data_produk`.`nama_jenis_produk`, `produk`.`nama_kategori_produk`, `produk`.`satuan`
FROM `tbl_mengelola_pemesanan`
JOIN `rekanan` ON `rekanan`.`id` = `tbl_mengelola_pemesanan`.`rekanan_id`
JOIN `tbl_input_data_rekanan` ON `tbl_input_data_rekanan`.`nama_rek` = `tbl_mengelola_pemesanan`.`nama_rek`
JOIN `tbl_input_data_produk` ON `tbl_input_data_produk`.`nama_jenis_produk` = `tbl_mengelola_pemesanan`.`nama_jenis_produk`
JOIN `produk` ON `produk`.`id` = `tbl_mengelola_pemesanan`.`produk_id`
WHERE `tbl_mengelola_pemesanan`.`id_so` = \'4\'')
 2 SYSTEMPATH\Database\BaseConnection.php(652): CodeIgniter\Database\BaseConnection->simpleQuery('SELECT `tbl_mengelola_pemesanan`.*, `tbl_input_data_rekanan`.`nama_rek`, `tbl_input_data_rekanan`.`alamat`, `tbl_input_data_rekanan`.`npwp`, `tbl_input_data_rekanan`.`telepon`, `tbl_input_data_produk`.`nama_jenis_produk`, `produk`.`nama_kategori_produk`, `produk`.`satuan`
FROM `tbl_mengelola_pemesanan`
JOIN `rekanan` ON `rekanan`.`id` = `tbl_mengelola_pemesanan`.`rekanan_id`
JOIN `tbl_input_data_rekanan` ON `tbl_input_data_rekanan`.`nama_rek` = `tbl_mengelola_pemesanan`.`nama_rek`
JOIN `tbl_input_data_produk` ON `tbl_input_data_produk`.`nama_jenis_produk` = `tbl_mengelola_pemesanan`.`nama_jenis_produk`
JOIN `produk` ON `produk`.`id` = `tbl_mengelola_pemesanan`.`produk_id`
WHERE `tbl_mengelola_pemesanan`.`id_so` = \'4\'')
 3 SYSTEMPATH\Database\BaseBuilder.php(1649): CodeIgniter\Database\BaseConnection->query('SELECT `tbl_mengelola_pemesanan`.*, `tbl_input_data_rekanan`.`nama_rek`, `tbl_input_data_rekanan`.`alamat`, `tbl_input_data_rekanan`.`npwp`, `tbl_input_data_rekanan`.`telepon`, `tbl_input_data_produk`.`nama_jenis_produk`, `produk`.`nama_kategori_produk`, `produk`.`satuan`
FROM `tbl_mengelola_pemesanan`
JOIN `rekanan` ON `rekanan`.`id` = `tbl_mengelola_pemesanan`.`rekanan_id`
JOIN `tbl_input_data_rekanan` ON `tbl_input_data_rekanan`.`nama_rek` = `tbl_mengelola_pemesanan`.`nama_rek`
JOIN `tbl_input_data_produk` ON `tbl_input_data_produk`.`nama_jenis_produk` = `tbl_mengelola_pemesanan`.`nama_jenis_produk`
JOIN `produk` ON `produk`.`id` = `tbl_mengelola_pemesanan`.`produk_id`
WHERE `tbl_mengelola_pemesanan`.`id_so` = :tbl_mengelola_pemesanan.id_so:', [...], false)
 4 SYSTEMPATH\Model.php(210): CodeIgniter\Database\BaseBuilder->get()
 5 SYSTEMPATH\BaseModel.php(613): CodeIgniter\Model->doFind(true, '4')
 6 APPPATH\Controllers\Invoice.php(36): CodeIgniter\BaseModel->find('4')
 7 SYSTEMPATH\CodeIgniter.php(933): App\Controllers\Invoice->create('4')
 8 SYSTEMPATH\CodeIgniter.php(507): CodeIgniter\CodeIgniter->runController(Object(App\Controllers\Invoice))
 9 SYSTEMPATH\CodeIgniter.php(354): CodeIgniter\CodeIgniter->handleRequest(null, Object(Config\Cache), false)
10 SYSTEMPATH\Boot.php(334): CodeIgniter\CodeIgniter->run()
11 SYSTEMPATH\Boot.php(67): CodeIgniter\Boot::runCodeIgniter(Object(CodeIgniter\CodeIgniter))
12 FCPATH\index.php(59): CodeIgniter\Boot::bootWeb(Object(Config\Paths))
13 SYSTEMPATH\rewrite.php(44): require_once('C:\\laragon\\www\\invoice-ci4\\public\\index.php')
CRITICAL - 2025-07-09 17:42:29 --> [Caused by] mysqli_sql_exception: Table 'test.rekanan' doesn't exist
in SYSTEMPATH\Database\MySQLi\Connection.php on line 327.
 1 SYSTEMPATH\Database\MySQLi\Connection.php(327): mysqli->query('SELECT `tbl_mengelola_pemesanan`.*, `tbl_input_data_rekanan`.`nama_rek`, `tbl_input_data_rekanan`.`alamat`, `tbl_input_data_rekanan`.`npwp`, `tbl_input_data_rekanan`.`telepon`, `tbl_input_data_produk`.`nama_jenis_produk`, `produk`.`nama_kategori_produk`, `produk`.`satuan`
FROM `tbl_mengelola_pemesanan`
JOIN `rekanan` ON `rekanan`.`id` = `tbl_mengelola_pemesanan`.`rekanan_id`
JOIN `tbl_input_data_rekanan` ON `tbl_input_data_rekanan`.`nama_rek` = `tbl_mengelola_pemesanan`.`nama_rek`
JOIN `tbl_input_data_produk` ON `tbl_input_data_produk`.`nama_jenis_produk` = `tbl_mengelola_pemesanan`.`nama_jenis_produk`
JOIN `produk` ON `produk`.`id` = `tbl_mengelola_pemesanan`.`produk_id`
WHERE `tbl_mengelola_pemesanan`.`id_so` = \'4\'', 0)
 2 SYSTEMPATH\Database\BaseConnection.php(738): CodeIgniter\Database\MySQLi\Connection->execute('SELECT `tbl_mengelola_pemesanan`.*, `tbl_input_data_rekanan`.`nama_rek`, `tbl_input_data_rekanan`.`alamat`, `tbl_input_data_rekanan`.`npwp`, `tbl_input_data_rekanan`.`telepon`, `tbl_input_data_produk`.`nama_jenis_produk`, `produk`.`nama_kategori_produk`, `produk`.`satuan`
FROM `tbl_mengelola_pemesanan`
JOIN `rekanan` ON `rekanan`.`id` = `tbl_mengelola_pemesanan`.`rekanan_id`
JOIN `tbl_input_data_rekanan` ON `tbl_input_data_rekanan`.`nama_rek` = `tbl_mengelola_pemesanan`.`nama_rek`
JOIN `tbl_input_data_produk` ON `tbl_input_data_produk`.`nama_jenis_produk` = `tbl_mengelola_pemesanan`.`nama_jenis_produk`
JOIN `produk` ON `produk`.`id` = `tbl_mengelola_pemesanan`.`produk_id`
WHERE `tbl_mengelola_pemesanan`.`id_so` = \'4\'')
 3 SYSTEMPATH\Database\BaseConnection.php(652): CodeIgniter\Database\BaseConnection->simpleQuery('SELECT `tbl_mengelola_pemesanan`.*, `tbl_input_data_rekanan`.`nama_rek`, `tbl_input_data_rekanan`.`alamat`, `tbl_input_data_rekanan`.`npwp`, `tbl_input_data_rekanan`.`telepon`, `tbl_input_data_produk`.`nama_jenis_produk`, `produk`.`nama_kategori_produk`, `produk`.`satuan`
FROM `tbl_mengelola_pemesanan`
JOIN `rekanan` ON `rekanan`.`id` = `tbl_mengelola_pemesanan`.`rekanan_id`
JOIN `tbl_input_data_rekanan` ON `tbl_input_data_rekanan`.`nama_rek` = `tbl_mengelola_pemesanan`.`nama_rek`
JOIN `tbl_input_data_produk` ON `tbl_input_data_produk`.`nama_jenis_produk` = `tbl_mengelola_pemesanan`.`nama_jenis_produk`
JOIN `produk` ON `produk`.`id` = `tbl_mengelola_pemesanan`.`produk_id`
WHERE `tbl_mengelola_pemesanan`.`id_so` = \'4\'')
 4 SYSTEMPATH\Database\BaseBuilder.php(1649): CodeIgniter\Database\BaseConnection->query('SELECT `tbl_mengelola_pemesanan`.*, `tbl_input_data_rekanan`.`nama_rek`, `tbl_input_data_rekanan`.`alamat`, `tbl_input_data_rekanan`.`npwp`, `tbl_input_data_rekanan`.`telepon`, `tbl_input_data_produk`.`nama_jenis_produk`, `produk`.`nama_kategori_produk`, `produk`.`satuan`
FROM `tbl_mengelola_pemesanan`
JOIN `rekanan` ON `rekanan`.`id` = `tbl_mengelola_pemesanan`.`rekanan_id`
JOIN `tbl_input_data_rekanan` ON `tbl_input_data_rekanan`.`nama_rek` = `tbl_mengelola_pemesanan`.`nama_rek`
JOIN `tbl_input_data_produk` ON `tbl_input_data_produk`.`nama_jenis_produk` = `tbl_mengelola_pemesanan`.`nama_jenis_produk`
JOIN `produk` ON `produk`.`id` = `tbl_mengelola_pemesanan`.`produk_id`
WHERE `tbl_mengelola_pemesanan`.`id_so` = :tbl_mengelola_pemesanan.id_so:', [...], false)
 5 SYSTEMPATH\Model.php(210): CodeIgniter\Database\BaseBuilder->get()
 6 SYSTEMPATH\BaseModel.php(613): CodeIgniter\Model->doFind(true, '4')
 7 APPPATH\Controllers\Invoice.php(36): CodeIgniter\BaseModel->find('4')
 8 SYSTEMPATH\CodeIgniter.php(933): App\Controllers\Invoice->create('4')
 9 SYSTEMPATH\CodeIgniter.php(507): CodeIgniter\CodeIgniter->runController(Object(App\Controllers\Invoice))
10 SYSTEMPATH\CodeIgniter.php(354): CodeIgniter\CodeIgniter->handleRequest(null, Object(Config\Cache), false)
11 SYSTEMPATH\Boot.php(334): CodeIgniter\CodeIgniter->run()
12 SYSTEMPATH\Boot.php(67): CodeIgniter\Boot::runCodeIgniter(Object(CodeIgniter\CodeIgniter))
13 FCPATH\index.php(59): CodeIgniter\Boot::bootWeb(Object(Config\Paths))
14 SYSTEMPATH\rewrite.php(44): require_once('C:\\laragon\\www\\invoice-ci4\\public\\index.php')
DEBUG - 2025-07-09 17:42:31 --> Session: Class initialized using 'CodeIgniter\Session\Handlers\FileHandler' driver.
DEBUG - 2025-07-09 17:43:13 --> Session: Class initialized using 'CodeIgniter\Session\Handlers\FileHandler' driver.
DEBUG - 2025-07-09 17:43:23 --> Session: Class initialized using 'CodeIgniter\Session\Handlers\FileHandler' driver.
DEBUG - 2025-07-09 17:44:30 --> Session: Class initialized using 'CodeIgniter\Session\Handlers\FileHandler' driver.
DEBUG - 2025-07-09 17:44:32 --> Session: Class initialized using 'CodeIgniter\Session\Handlers\FileHandler' driver.
DEBUG - 2025-07-09 17:44:40 --> Session: Class initialized using 'CodeIgniter\Session\Handlers\FileHandler' driver.
DEBUG - 2025-07-09 17:44:42 --> Session: Class initialized using 'CodeIgniter\Session\Handlers\FileHandler' driver.
DEBUG - 2025-07-09 17:52:55 --> Session: Class initialized using 'CodeIgniter\Session\Handlers\FileHandler' driver.
ERROR - 2025-07-09 17:52:55 --> mysqli_sql_exception: Unknown column 'pemesanan_id' in 'field list' in C:\laragon\www\invoice-ci4\system\Database\MySQLi\Connection.php:327
Stack trace:
#0 C:\laragon\www\invoice-ci4\system\Database\MySQLi\Connection.php(327): mysqli->query('SELECT `pemesan...', 0)
#1 C:\laragon\www\invoice-ci4\system\Database\BaseConnection.php(738): CodeIgniter\Database\MySQLi\Connection->execute('SELECT `pemesan...')
#2 C:\laragon\www\invoice-ci4\system\Database\BaseConnection.php(652): CodeIgniter\Database\BaseConnection->simpleQuery('SELECT `pemesan...')
#3 C:\laragon\www\invoice-ci4\system\Database\BaseBuilder.php(1649): CodeIgniter\Database\BaseConnection->query('SELECT `pemesan...', Array, false)
#4 C:\laragon\www\invoice-ci4\system\Model.php(286): CodeIgniter\Database\BaseBuilder->get()
#5 C:\laragon\www\invoice-ci4\system\BaseModel.php(679): CodeIgniter\Model->doFindAll(0, 0)
#6 C:\laragon\www\invoice-ci4\app\Controllers\Invoice.php(23): CodeIgniter\BaseModel->findAll()
#7 C:\laragon\www\invoice-ci4\system\CodeIgniter.php(933): App\Controllers\Invoice->index()
#8 C:\laragon\www\invoice-ci4\system\CodeIgniter.php(507): CodeIgniter\CodeIgniter->runController(Object(App\Controllers\Invoice))
#9 C:\laragon\www\invoice-ci4\system\CodeIgniter.php(354): CodeIgniter\CodeIgniter->handleRequest(NULL, Object(Config\Cache), false)
#10 C:\laragon\www\invoice-ci4\system\Boot.php(334): CodeIgniter\CodeIgniter->run()
#11 C:\laragon\www\invoice-ci4\system\Boot.php(67): CodeIgniter\Boot::runCodeIgniter(Object(CodeIgniter\CodeIgniter))
#12 C:\laragon\www\invoice-ci4\public\index.php(59): CodeIgniter\Boot::bootWeb(Object(Config\Paths))
#13 C:\laragon\www\invoice-ci4\system\rewrite.php(44): require_once('C:\\laragon\\www\\...')
#14 {main}
CRITICAL - 2025-07-09 17:52:55 --> CodeIgniter\Database\Exceptions\DatabaseException: Unknown column 'pemesanan_id' in 'field list'
[Method: GET, Route: invoice]
in SYSTEMPATH\Database\BaseConnection.php on line 692.
 1 SYSTEMPATH\Database\BaseBuilder.php(1649): CodeIgniter\Database\BaseConnection->query('SELECT `pemesanan_id`
FROM `tbl_mengelola_invoice`', [], false)
 2 SYSTEMPATH\Model.php(286): CodeIgniter\Database\BaseBuilder->get()
 3 SYSTEMPATH\BaseModel.php(679): CodeIgniter\Model->doFindAll(0, 0)
 4 APPPATH\Controllers\Invoice.php(23): CodeIgniter\BaseModel->findAll()
 5 SYSTEMPATH\CodeIgniter.php(933): App\Controllers\Invoice->index()
 6 SYSTEMPATH\CodeIgniter.php(507): CodeIgniter\CodeIgniter->runController(Object(App\Controllers\Invoice))
 7 SYSTEMPATH\CodeIgniter.php(354): CodeIgniter\CodeIgniter->handleRequest(null, Object(Config\Cache), false)
 8 SYSTEMPATH\Boot.php(334): CodeIgniter\CodeIgniter->run()
 9 SYSTEMPATH\Boot.php(67): CodeIgniter\Boot::runCodeIgniter(Object(CodeIgniter\CodeIgniter))
10 FCPATH\index.php(59): CodeIgniter\Boot::bootWeb(Object(Config\Paths))
11 SYSTEMPATH\rewrite.php(44): require_once('C:\\laragon\\www\\invoice-ci4\\public\\index.php')
CRITICAL - 2025-07-09 17:52:55 --> [Caused by] CodeIgniter\Database\Exceptions\DatabaseException: Unknown column 'pemesanan_id' in 'field list'
in SYSTEMPATH\Database\MySQLi\Connection.php on line 332.
 1 SYSTEMPATH\Database\BaseConnection.php(738): CodeIgniter\Database\MySQLi\Connection->execute('SELECT `pemesanan_id`
FROM `tbl_mengelola_invoice`')
 2 SYSTEMPATH\Database\BaseConnection.php(652): CodeIgniter\Database\BaseConnection->simpleQuery('SELECT `pemesanan_id`
FROM `tbl_mengelola_invoice`')
 3 SYSTEMPATH\Database\BaseBuilder.php(1649): CodeIgniter\Database\BaseConnection->query('SELECT `pemesanan_id`
FROM `tbl_mengelola_invoice`', [], false)
 4 SYSTEMPATH\Model.php(286): CodeIgniter\Database\BaseBuilder->get()
 5 SYSTEMPATH\BaseModel.php(679): CodeIgniter\Model->doFindAll(0, 0)
 6 APPPATH\Controllers\Invoice.php(23): CodeIgniter\BaseModel->findAll()
 7 SYSTEMPATH\CodeIgniter.php(933): App\Controllers\Invoice->index()
 8 SYSTEMPATH\CodeIgniter.php(507): CodeIgniter\CodeIgniter->runController(Object(App\Controllers\Invoice))
 9 SYSTEMPATH\CodeIgniter.php(354): CodeIgniter\CodeIgniter->handleRequest(null, Object(Config\Cache), false)
10 SYSTEMPATH\Boot.php(334): CodeIgniter\CodeIgniter->run()
11 SYSTEMPATH\Boot.php(67): CodeIgniter\Boot::runCodeIgniter(Object(CodeIgniter\CodeIgniter))
12 FCPATH\index.php(59): CodeIgniter\Boot::bootWeb(Object(Config\Paths))
13 SYSTEMPATH\rewrite.php(44): require_once('C:\\laragon\\www\\invoice-ci4\\public\\index.php')
CRITICAL - 2025-07-09 17:52:55 --> [Caused by] mysqli_sql_exception: Unknown column 'pemesanan_id' in 'field list'
in SYSTEMPATH\Database\MySQLi\Connection.php on line 327.
 1 SYSTEMPATH\Database\MySQLi\Connection.php(327): mysqli->query('SELECT `pemesanan_id`
FROM `tbl_mengelola_invoice`', 0)
 2 SYSTEMPATH\Database\BaseConnection.php(738): CodeIgniter\Database\MySQLi\Connection->execute('SELECT `pemesanan_id`
FROM `tbl_mengelola_invoice`')
 3 SYSTEMPATH\Database\BaseConnection.php(652): CodeIgniter\Database\BaseConnection->simpleQuery('SELECT `pemesanan_id`
FROM `tbl_mengelola_invoice`')
 4 SYSTEMPATH\Database\BaseBuilder.php(1649): CodeIgniter\Database\BaseConnection->query('SELECT `pemesanan_id`
FROM `tbl_mengelola_invoice`', [], false)
 5 SYSTEMPATH\Model.php(286): CodeIgniter\Database\BaseBuilder->get()
 6 SYSTEMPATH\BaseModel.php(679): CodeIgniter\Model->doFindAll(0, 0)
 7 APPPATH\Controllers\Invoice.php(23): CodeIgniter\BaseModel->findAll()
 8 SYSTEMPATH\CodeIgniter.php(933): App\Controllers\Invoice->index()
 9 SYSTEMPATH\CodeIgniter.php(507): CodeIgniter\CodeIgniter->runController(Object(App\Controllers\Invoice))
10 SYSTEMPATH\CodeIgniter.php(354): CodeIgniter\CodeIgniter->handleRequest(null, Object(Config\Cache), false)
11 SYSTEMPATH\Boot.php(334): CodeIgniter\CodeIgniter->run()
12 SYSTEMPATH\Boot.php(67): CodeIgniter\Boot::runCodeIgniter(Object(CodeIgniter\CodeIgniter))
13 FCPATH\index.php(59): CodeIgniter\Boot::bootWeb(Object(Config\Paths))
14 SYSTEMPATH\rewrite.php(44): require_once('C:\\laragon\\www\\invoice-ci4\\public\\index.php')
DEBUG - 2025-07-09 17:56:04 --> Session: Class initialized using 'CodeIgniter\Session\Handlers\FileHandler' driver.
DEBUG - 2025-07-09 17:56:19 --> Session: Class initialized using 'CodeIgniter\Session\Handlers\FileHandler' driver.
ERROR - 2025-07-09 17:56:19 --> mysqli_sql_exception: Unknown column 'pemesanan_id' in 'field list' in C:\laragon\www\invoice-ci4\system\Database\MySQLi\Connection.php:327
Stack trace:
#0 C:\laragon\www\invoice-ci4\system\Database\MySQLi\Connection.php(327): mysqli->query('SELECT `pemesan...', 0)
#1 C:\laragon\www\invoice-ci4\system\Database\BaseConnection.php(738): CodeIgniter\Database\MySQLi\Connection->execute('SELECT `pemesan...')
#2 C:\laragon\www\invoice-ci4\system\Database\BaseConnection.php(652): CodeIgniter\Database\BaseConnection->simpleQuery('SELECT `pemesan...')
#3 C:\laragon\www\invoice-ci4\system\Database\BaseBuilder.php(1649): CodeIgniter\Database\BaseConnection->query('SELECT `pemesan...', Array, false)
#4 C:\laragon\www\invoice-ci4\system\Model.php(286): CodeIgniter\Database\BaseBuilder->get()
#5 C:\laragon\www\invoice-ci4\system\BaseModel.php(679): CodeIgniter\Model->doFindAll(0, 0)
#6 C:\laragon\www\invoice-ci4\app\Controllers\Invoice.php(23): CodeIgniter\BaseModel->findAll()
#7 C:\laragon\www\invoice-ci4\system\CodeIgniter.php(933): App\Controllers\Invoice->index()
#8 C:\laragon\www\invoice-ci4\system\CodeIgniter.php(507): CodeIgniter\CodeIgniter->runController(Object(App\Controllers\Invoice))
#9 C:\laragon\www\invoice-ci4\system\CodeIgniter.php(354): CodeIgniter\CodeIgniter->handleRequest(NULL, Object(Config\Cache), false)
#10 C:\laragon\www\invoice-ci4\system\Boot.php(334): CodeIgniter\CodeIgniter->run()
#11 C:\laragon\www\invoice-ci4\system\Boot.php(67): CodeIgniter\Boot::runCodeIgniter(Object(CodeIgniter\CodeIgniter))
#12 C:\laragon\www\invoice-ci4\public\index.php(59): CodeIgniter\Boot::bootWeb(Object(Config\Paths))
#13 C:\laragon\www\invoice-ci4\system\rewrite.php(44): require_once('C:\\laragon\\www\\...')
#14 {main}
CRITICAL - 2025-07-09 17:56:19 --> CodeIgniter\Database\Exceptions\DatabaseException: Unknown column 'pemesanan_id' in 'field list'
[Method: GET, Route: invoice]
in SYSTEMPATH\Database\BaseConnection.php on line 692.
 1 SYSTEMPATH\Database\BaseBuilder.php(1649): CodeIgniter\Database\BaseConnection->query('SELECT `pemesanan_id`
FROM `tbl_mengelola_invoice`', [], false)
 2 SYSTEMPATH\Model.php(286): CodeIgniter\Database\BaseBuilder->get()
 3 SYSTEMPATH\BaseModel.php(679): CodeIgniter\Model->doFindAll(0, 0)
 4 APPPATH\Controllers\Invoice.php(23): CodeIgniter\BaseModel->findAll()
 5 SYSTEMPATH\CodeIgniter.php(933): App\Controllers\Invoice->index()
 6 SYSTEMPATH\CodeIgniter.php(507): CodeIgniter\CodeIgniter->runController(Object(App\Controllers\Invoice))
 7 SYSTEMPATH\CodeIgniter.php(354): CodeIgniter\CodeIgniter->handleRequest(null, Object(Config\Cache), false)
 8 SYSTEMPATH\Boot.php(334): CodeIgniter\CodeIgniter->run()
 9 SYSTEMPATH\Boot.php(67): CodeIgniter\Boot::runCodeIgniter(Object(CodeIgniter\CodeIgniter))
10 FCPATH\index.php(59): CodeIgniter\Boot::bootWeb(Object(Config\Paths))
11 SYSTEMPATH\rewrite.php(44): require_once('C:\\laragon\\www\\invoice-ci4\\public\\index.php')
CRITICAL - 2025-07-09 17:56:19 --> [Caused by] CodeIgniter\Database\Exceptions\DatabaseException: Unknown column 'pemesanan_id' in 'field list'
in SYSTEMPATH\Database\MySQLi\Connection.php on line 332.
 1 SYSTEMPATH\Database\BaseConnection.php(738): CodeIgniter\Database\MySQLi\Connection->execute('SELECT `pemesanan_id`
FROM `tbl_mengelola_invoice`')
 2 SYSTEMPATH\Database\BaseConnection.php(652): CodeIgniter\Database\BaseConnection->simpleQuery('SELECT `pemesanan_id`
FROM `tbl_mengelola_invoice`')
 3 SYSTEMPATH\Database\BaseBuilder.php(1649): CodeIgniter\Database\BaseConnection->query('SELECT `pemesanan_id`
FROM `tbl_mengelola_invoice`', [], false)
 4 SYSTEMPATH\Model.php(286): CodeIgniter\Database\BaseBuilder->get()
 5 SYSTEMPATH\BaseModel.php(679): CodeIgniter\Model->doFindAll(0, 0)
 6 APPPATH\Controllers\Invoice.php(23): CodeIgniter\BaseModel->findAll()
 7 SYSTEMPATH\CodeIgniter.php(933): App\Controllers\Invoice->index()
 8 SYSTEMPATH\CodeIgniter.php(507): CodeIgniter\CodeIgniter->runController(Object(App\Controllers\Invoice))
 9 SYSTEMPATH\CodeIgniter.php(354): CodeIgniter\CodeIgniter->handleRequest(null, Object(Config\Cache), false)
10 SYSTEMPATH\Boot.php(334): CodeIgniter\CodeIgniter->run()
11 SYSTEMPATH\Boot.php(67): CodeIgniter\Boot::runCodeIgniter(Object(CodeIgniter\CodeIgniter))
12 FCPATH\index.php(59): CodeIgniter\Boot::bootWeb(Object(Config\Paths))
13 SYSTEMPATH\rewrite.php(44): require_once('C:\\laragon\\www\\invoice-ci4\\public\\index.php')
CRITICAL - 2025-07-09 17:56:19 --> [Caused by] mysqli_sql_exception: Unknown column 'pemesanan_id' in 'field list'
in SYSTEMPATH\Database\MySQLi\Connection.php on line 327.
 1 SYSTEMPATH\Database\MySQLi\Connection.php(327): mysqli->query('SELECT `pemesanan_id`
FROM `tbl_mengelola_invoice`', 0)
 2 SYSTEMPATH\Database\BaseConnection.php(738): CodeIgniter\Database\MySQLi\Connection->execute('SELECT `pemesanan_id`
FROM `tbl_mengelola_invoice`')
 3 SYSTEMPATH\Database\BaseConnection.php(652): CodeIgniter\Database\BaseConnection->simpleQuery('SELECT `pemesanan_id`
FROM `tbl_mengelola_invoice`')
 4 SYSTEMPATH\Database\BaseBuilder.php(1649): CodeIgniter\Database\BaseConnection->query('SELECT `pemesanan_id`
FROM `tbl_mengelola_invoice`', [], false)
 5 SYSTEMPATH\Model.php(286): CodeIgniter\Database\BaseBuilder->get()
 6 SYSTEMPATH\BaseModel.php(679): CodeIgniter\Model->doFindAll(0, 0)
 7 APPPATH\Controllers\Invoice.php(23): CodeIgniter\BaseModel->findAll()
 8 SYSTEMPATH\CodeIgniter.php(933): App\Controllers\Invoice->index()
 9 SYSTEMPATH\CodeIgniter.php(507): CodeIgniter\CodeIgniter->runController(Object(App\Controllers\Invoice))
10 SYSTEMPATH\CodeIgniter.php(354): CodeIgniter\CodeIgniter->handleRequest(null, Object(Config\Cache), false)
11 SYSTEMPATH\Boot.php(334): CodeIgniter\CodeIgniter->run()
12 SYSTEMPATH\Boot.php(67): CodeIgniter\Boot::runCodeIgniter(Object(CodeIgniter\CodeIgniter))
13 FCPATH\index.php(59): CodeIgniter\Boot::bootWeb(Object(Config\Paths))
14 SYSTEMPATH\rewrite.php(44): require_once('C:\\laragon\\www\\invoice-ci4\\public\\index.php')
DEBUG - 2025-07-09 19:42:02 --> Session: Class initialized using 'CodeIgniter\Session\Handlers\FileHandler' driver.
DEBUG - 2025-07-09 19:42:04 --> Session: Class initialized using 'CodeIgniter\Session\Handlers\FileHandler' driver.
ERROR - 2025-07-09 19:42:04 --> mysqli_sql_exception: Unknown column 'pemesanan_id' in 'field list' in C:\laragon\www\invoice-ci4\system\Database\MySQLi\Connection.php:327
Stack trace:
#0 C:\laragon\www\invoice-ci4\system\Database\MySQLi\Connection.php(327): mysqli->query('SELECT `pemesan...', 0)
#1 C:\laragon\www\invoice-ci4\system\Database\BaseConnection.php(738): CodeIgniter\Database\MySQLi\Connection->execute('SELECT `pemesan...')
#2 C:\laragon\www\invoice-ci4\system\Database\BaseConnection.php(652): CodeIgniter\Database\BaseConnection->simpleQuery('SELECT `pemesan...')
#3 C:\laragon\www\invoice-ci4\system\Database\BaseBuilder.php(1649): CodeIgniter\Database\BaseConnection->query('SELECT `pemesan...', Array, false)
#4 C:\laragon\www\invoice-ci4\system\Model.php(286): CodeIgniter\Database\BaseBuilder->get()
#5 C:\laragon\www\invoice-ci4\system\BaseModel.php(679): CodeIgniter\Model->doFindAll(0, 0)
#6 C:\laragon\www\invoice-ci4\app\Controllers\Invoice.php(23): CodeIgniter\BaseModel->findAll()
#7 C:\laragon\www\invoice-ci4\system\CodeIgniter.php(933): App\Controllers\Invoice->index()
#8 C:\laragon\www\invoice-ci4\system\CodeIgniter.php(507): CodeIgniter\CodeIgniter->runController(Object(App\Controllers\Invoice))
#9 C:\laragon\www\invoice-ci4\system\CodeIgniter.php(354): CodeIgniter\CodeIgniter->handleRequest(NULL, Object(Config\Cache), false)
#10 C:\laragon\www\invoice-ci4\system\Boot.php(334): CodeIgniter\CodeIgniter->run()
#11 C:\laragon\www\invoice-ci4\system\Boot.php(67): CodeIgniter\Boot::runCodeIgniter(Object(CodeIgniter\CodeIgniter))
#12 C:\laragon\www\invoice-ci4\public\index.php(59): CodeIgniter\Boot::bootWeb(Object(Config\Paths))
#13 C:\laragon\www\invoice-ci4\system\rewrite.php(44): require_once('C:\\laragon\\www\\...')
#14 {main}
CRITICAL - 2025-07-09 19:42:04 --> CodeIgniter\Database\Exceptions\DatabaseException: Unknown column 'pemesanan_id' in 'field list'
[Method: GET, Route: invoice]
in SYSTEMPATH\Database\BaseConnection.php on line 692.
 1 SYSTEMPATH\Database\BaseBuilder.php(1649): CodeIgniter\Database\BaseConnection->query('SELECT `pemesanan_id`
FROM `tbl_mengelola_invoice`', [], false)
 2 SYSTEMPATH\Model.php(286): CodeIgniter\Database\BaseBuilder->get()
 3 SYSTEMPATH\BaseModel.php(679): CodeIgniter\Model->doFindAll(0, 0)
 4 APPPATH\Controllers\Invoice.php(23): CodeIgniter\BaseModel->findAll()
 5 SYSTEMPATH\CodeIgniter.php(933): App\Controllers\Invoice->index()
 6 SYSTEMPATH\CodeIgniter.php(507): CodeIgniter\CodeIgniter->runController(Object(App\Controllers\Invoice))
 7 SYSTEMPATH\CodeIgniter.php(354): CodeIgniter\CodeIgniter->handleRequest(null, Object(Config\Cache), false)
 8 SYSTEMPATH\Boot.php(334): CodeIgniter\CodeIgniter->run()
 9 SYSTEMPATH\Boot.php(67): CodeIgniter\Boot::runCodeIgniter(Object(CodeIgniter\CodeIgniter))
10 FCPATH\index.php(59): CodeIgniter\Boot::bootWeb(Object(Config\Paths))
11 SYSTEMPATH\rewrite.php(44): require_once('C:\\laragon\\www\\invoice-ci4\\public\\index.php')
CRITICAL - 2025-07-09 19:42:04 --> [Caused by] CodeIgniter\Database\Exceptions\DatabaseException: Unknown column 'pemesanan_id' in 'field list'
in SYSTEMPATH\Database\MySQLi\Connection.php on line 332.
 1 SYSTEMPATH\Database\BaseConnection.php(738): CodeIgniter\Database\MySQLi\Connection->execute('SELECT `pemesanan_id`
FROM `tbl_mengelola_invoice`')
 2 SYSTEMPATH\Database\BaseConnection.php(652): CodeIgniter\Database\BaseConnection->simpleQuery('SELECT `pemesanan_id`
FROM `tbl_mengelola_invoice`')
 3 SYSTEMPATH\Database\BaseBuilder.php(1649): CodeIgniter\Database\BaseConnection->query('SELECT `pemesanan_id`
FROM `tbl_mengelola_invoice`', [], false)
 4 SYSTEMPATH\Model.php(286): CodeIgniter\Database\BaseBuilder->get()
 5 SYSTEMPATH\BaseModel.php(679): CodeIgniter\Model->doFindAll(0, 0)
 6 APPPATH\Controllers\Invoice.php(23): CodeIgniter\BaseModel->findAll()
 7 SYSTEMPATH\CodeIgniter.php(933): App\Controllers\Invoice->index()
 8 SYSTEMPATH\CodeIgniter.php(507): CodeIgniter\CodeIgniter->runController(Object(App\Controllers\Invoice))
 9 SYSTEMPATH\CodeIgniter.php(354): CodeIgniter\CodeIgniter->handleRequest(null, Object(Config\Cache), false)
10 SYSTEMPATH\Boot.php(334): CodeIgniter\CodeIgniter->run()
11 SYSTEMPATH\Boot.php(67): CodeIgniter\Boot::runCodeIgniter(Object(CodeIgniter\CodeIgniter))
12 FCPATH\index.php(59): CodeIgniter\Boot::bootWeb(Object(Config\Paths))
13 SYSTEMPATH\rewrite.php(44): require_once('C:\\laragon\\www\\invoice-ci4\\public\\index.php')
CRITICAL - 2025-07-09 19:42:04 --> [Caused by] mysqli_sql_exception: Unknown column 'pemesanan_id' in 'field list'
in SYSTEMPATH\Database\MySQLi\Connection.php on line 327.
 1 SYSTEMPATH\Database\MySQLi\Connection.php(327): mysqli->query('SELECT `pemesanan_id`
FROM `tbl_mengelola_invoice`', 0)
 2 SYSTEMPATH\Database\BaseConnection.php(738): CodeIgniter\Database\MySQLi\Connection->execute('SELECT `pemesanan_id`
FROM `tbl_mengelola_invoice`')
 3 SYSTEMPATH\Database\BaseConnection.php(652): CodeIgniter\Database\BaseConnection->simpleQuery('SELECT `pemesanan_id`
FROM `tbl_mengelola_invoice`')
 4 SYSTEMPATH\Database\BaseBuilder.php(1649): CodeIgniter\Database\BaseConnection->query('SELECT `pemesanan_id`
FROM `tbl_mengelola_invoice`', [], false)
 5 SYSTEMPATH\Model.php(286): CodeIgniter\Database\BaseBuilder->get()
 6 SYSTEMPATH\BaseModel.php(679): CodeIgniter\Model->doFindAll(0, 0)
 7 APPPATH\Controllers\Invoice.php(23): CodeIgniter\BaseModel->findAll()
 8 SYSTEMPATH\CodeIgniter.php(933): App\Controllers\Invoice->index()
 9 SYSTEMPATH\CodeIgniter.php(507): CodeIgniter\CodeIgniter->runController(Object(App\Controllers\Invoice))
10 SYSTEMPATH\CodeIgniter.php(354): CodeIgniter\CodeIgniter->handleRequest(null, Object(Config\Cache), false)
11 SYSTEMPATH\Boot.php(334): CodeIgniter\CodeIgniter->run()
12 SYSTEMPATH\Boot.php(67): CodeIgniter\Boot::runCodeIgniter(Object(CodeIgniter\CodeIgniter))
13 FCPATH\index.php(59): CodeIgniter\Boot::bootWeb(Object(Config\Paths))
14 SYSTEMPATH\rewrite.php(44): require_once('C:\\laragon\\www\\invoice-ci4\\public\\index.php')
DEBUG - 2025-07-09 19:42:06 --> Session: Class initialized using 'CodeIgniter\Session\Handlers\FileHandler' driver.
DEBUG - 2025-07-09 19:52:19 --> Session: Class initialized using 'CodeIgniter\Session\Handlers\FileHandler' driver.
DEBUG - 2025-07-09 19:52:34 --> Session: Class initialized using 'CodeIgniter\Session\Handlers\FileHandler' driver.
DEBUG - 2025-07-09 19:52:36 --> Session: Class initialized using 'CodeIgniter\Session\Handlers\FileHandler' driver.
ERROR - 2025-07-09 19:52:36 --> mysqli_sql_exception: Table 'test.rekanan' doesn't exist in C:\laragon\www\invoice-ci4\system\Database\MySQLi\Connection.php:327
Stack trace:
#0 C:\laragon\www\invoice-ci4\system\Database\MySQLi\Connection.php(327): mysqli->query('SELECT `tbl_men...', 0)
#1 C:\laragon\www\invoice-ci4\system\Database\BaseConnection.php(738): CodeIgniter\Database\MySQLi\Connection->execute('SELECT `tbl_men...')
#2 C:\laragon\www\invoice-ci4\system\Database\BaseConnection.php(652): CodeIgniter\Database\BaseConnection->simpleQuery('SELECT `tbl_men...')
#3 C:\laragon\www\invoice-ci4\system\Database\BaseBuilder.php(1649): CodeIgniter\Database\BaseConnection->query('SELECT `tbl_men...', Array, false)
#4 C:\laragon\www\invoice-ci4\system\Model.php(210): CodeIgniter\Database\BaseBuilder->get()
#5 C:\laragon\www\invoice-ci4\system\BaseModel.php(613): CodeIgniter\Model->doFind(true, '4')
#6 C:\laragon\www\invoice-ci4\app\Controllers\Invoice.php(52): CodeIgniter\BaseModel->find('4')
#7 C:\laragon\www\invoice-ci4\system\CodeIgniter.php(933): App\Controllers\Invoice->create('4')
#8 C:\laragon\www\invoice-ci4\system\CodeIgniter.php(507): CodeIgniter\CodeIgniter->runController(Object(App\Controllers\Invoice))
#9 C:\laragon\www\invoice-ci4\system\CodeIgniter.php(354): CodeIgniter\CodeIgniter->handleRequest(NULL, Object(Config\Cache), false)
#10 C:\laragon\www\invoice-ci4\system\Boot.php(334): CodeIgniter\CodeIgniter->run()
#11 C:\laragon\www\invoice-ci4\system\Boot.php(67): CodeIgniter\Boot::runCodeIgniter(Object(CodeIgniter\CodeIgniter))
#12 C:\laragon\www\invoice-ci4\public\index.php(59): CodeIgniter\Boot::bootWeb(Object(Config\Paths))
#13 C:\laragon\www\invoice-ci4\system\rewrite.php(44): require_once('C:\\laragon\\www\\...')
#14 {main}
CRITICAL - 2025-07-09 19:52:36 --> CodeIgniter\Database\Exceptions\DatabaseException: Table 'test.rekanan' doesn't exist
[Method: GET, Route: invoice/create/4]
in SYSTEMPATH\Database\BaseConnection.php on line 692.
 1 SYSTEMPATH\Database\BaseBuilder.php(1649): CodeIgniter\Database\BaseConnection->query('SELECT `tbl_mengelola_pemesanan`.*, `tbl_input_data_rekanan`.`nama_rek`, `tbl_input_data_rekanan`.`alamat`, `tbl_input_data_rekanan`.`npwp`, `tbl_input_data_rekanan`.`telepon`, `tbl_input_data_produk`.`nama_jenis_produk`, `produk`.`nama_kategori_produk`, `produk`.`satuan`
FROM `tbl_mengelola_pemesanan`
JOIN `rekanan` ON `rekanan`.`id` = `tbl_mengelola_pemesanan`.`rekanan_id`
JOIN `tbl_input_data_rekanan` ON `tbl_input_data_rekanan`.`nama_rek` = `tbl_mengelola_pemesanan`.`nama_rek`
JOIN `tbl_input_data_produk` ON `tbl_input_data_produk`.`nama_jenis_produk` = `tbl_mengelola_pemesanan`.`nama_jenis_produk`
JOIN `produk` ON `produk`.`id` = `tbl_mengelola_pemesanan`.`produk_id`
WHERE `tbl_mengelola_pemesanan`.`id_so` = :tbl_mengelola_pemesanan.id_so:', [...], false)
 2 SYSTEMPATH\Model.php(210): CodeIgniter\Database\BaseBuilder->get()
 3 SYSTEMPATH\BaseModel.php(613): CodeIgniter\Model->doFind(true, '4')
 4 APPPATH\Controllers\Invoice.php(52): CodeIgniter\BaseModel->find('4')
 5 SYSTEMPATH\CodeIgniter.php(933): App\Controllers\Invoice->create('4')
 6 SYSTEMPATH\CodeIgniter.php(507): CodeIgniter\CodeIgniter->runController(Object(App\Controllers\Invoice))
 7 SYSTEMPATH\CodeIgniter.php(354): CodeIgniter\CodeIgniter->handleRequest(null, Object(Config\Cache), false)
 8 SYSTEMPATH\Boot.php(334): CodeIgniter\CodeIgniter->run()
 9 SYSTEMPATH\Boot.php(67): CodeIgniter\Boot::runCodeIgniter(Object(CodeIgniter\CodeIgniter))
10 FCPATH\index.php(59): CodeIgniter\Boot::bootWeb(Object(Config\Paths))
11 SYSTEMPATH\rewrite.php(44): require_once('C:\\laragon\\www\\invoice-ci4\\public\\index.php')
CRITICAL - 2025-07-09 19:52:36 --> [Caused by] CodeIgniter\Database\Exceptions\DatabaseException: Table 'test.rekanan' doesn't exist
in SYSTEMPATH\Database\MySQLi\Connection.php on line 332.
 1 SYSTEMPATH\Database\BaseConnection.php(738): CodeIgniter\Database\MySQLi\Connection->execute('SELECT `tbl_mengelola_pemesanan`.*, `tbl_input_data_rekanan`.`nama_rek`, `tbl_input_data_rekanan`.`alamat`, `tbl_input_data_rekanan`.`npwp`, `tbl_input_data_rekanan`.`telepon`, `tbl_input_data_produk`.`nama_jenis_produk`, `produk`.`nama_kategori_produk`, `produk`.`satuan`
FROM `tbl_mengelola_pemesanan`
JOIN `rekanan` ON `rekanan`.`id` = `tbl_mengelola_pemesanan`.`rekanan_id`
JOIN `tbl_input_data_rekanan` ON `tbl_input_data_rekanan`.`nama_rek` = `tbl_mengelola_pemesanan`.`nama_rek`
JOIN `tbl_input_data_produk` ON `tbl_input_data_produk`.`nama_jenis_produk` = `tbl_mengelola_pemesanan`.`nama_jenis_produk`
JOIN `produk` ON `produk`.`id` = `tbl_mengelola_pemesanan`.`produk_id`
WHERE `tbl_mengelola_pemesanan`.`id_so` = \'4\'')
 2 SYSTEMPATH\Database\BaseConnection.php(652): CodeIgniter\Database\BaseConnection->simpleQuery('SELECT `tbl_mengelola_pemesanan`.*, `tbl_input_data_rekanan`.`nama_rek`, `tbl_input_data_rekanan`.`alamat`, `tbl_input_data_rekanan`.`npwp`, `tbl_input_data_rekanan`.`telepon`, `tbl_input_data_produk`.`nama_jenis_produk`, `produk`.`nama_kategori_produk`, `produk`.`satuan`
FROM `tbl_mengelola_pemesanan`
JOIN `rekanan` ON `rekanan`.`id` = `tbl_mengelola_pemesanan`.`rekanan_id`
JOIN `tbl_input_data_rekanan` ON `tbl_input_data_rekanan`.`nama_rek` = `tbl_mengelola_pemesanan`.`nama_rek`
JOIN `tbl_input_data_produk` ON `tbl_input_data_produk`.`nama_jenis_produk` = `tbl_mengelola_pemesanan`.`nama_jenis_produk`
JOIN `produk` ON `produk`.`id` = `tbl_mengelola_pemesanan`.`produk_id`
WHERE `tbl_mengelola_pemesanan`.`id_so` = \'4\'')
 3 SYSTEMPATH\Database\BaseBuilder.php(1649): CodeIgniter\Database\BaseConnection->query('SELECT `tbl_mengelola_pemesanan`.*, `tbl_input_data_rekanan`.`nama_rek`, `tbl_input_data_rekanan`.`alamat`, `tbl_input_data_rekanan`.`npwp`, `tbl_input_data_rekanan`.`telepon`, `tbl_input_data_produk`.`nama_jenis_produk`, `produk`.`nama_kategori_produk`, `produk`.`satuan`
FROM `tbl_mengelola_pemesanan`
JOIN `rekanan` ON `rekanan`.`id` = `tbl_mengelola_pemesanan`.`rekanan_id`
JOIN `tbl_input_data_rekanan` ON `tbl_input_data_rekanan`.`nama_rek` = `tbl_mengelola_pemesanan`.`nama_rek`
JOIN `tbl_input_data_produk` ON `tbl_input_data_produk`.`nama_jenis_produk` = `tbl_mengelola_pemesanan`.`nama_jenis_produk`
JOIN `produk` ON `produk`.`id` = `tbl_mengelola_pemesanan`.`produk_id`
WHERE `tbl_mengelola_pemesanan`.`id_so` = :tbl_mengelola_pemesanan.id_so:', [...], false)
 4 SYSTEMPATH\Model.php(210): CodeIgniter\Database\BaseBuilder->get()
 5 SYSTEMPATH\BaseModel.php(613): CodeIgniter\Model->doFind(true, '4')
 6 APPPATH\Controllers\Invoice.php(52): CodeIgniter\BaseModel->find('4')
 7 SYSTEMPATH\CodeIgniter.php(933): App\Controllers\Invoice->create('4')
 8 SYSTEMPATH\CodeIgniter.php(507): CodeIgniter\CodeIgniter->runController(Object(App\Controllers\Invoice))
 9 SYSTEMPATH\CodeIgniter.php(354): CodeIgniter\CodeIgniter->handleRequest(null, Object(Config\Cache), false)
10 SYSTEMPATH\Boot.php(334): CodeIgniter\CodeIgniter->run()
11 SYSTEMPATH\Boot.php(67): CodeIgniter\Boot::runCodeIgniter(Object(CodeIgniter\CodeIgniter))
12 FCPATH\index.php(59): CodeIgniter\Boot::bootWeb(Object(Config\Paths))
13 SYSTEMPATH\rewrite.php(44): require_once('C:\\laragon\\www\\invoice-ci4\\public\\index.php')
CRITICAL - 2025-07-09 19:52:36 --> [Caused by] mysqli_sql_exception: Table 'test.rekanan' doesn't exist
in SYSTEMPATH\Database\MySQLi\Connection.php on line 327.
 1 SYSTEMPATH\Database\MySQLi\Connection.php(327): mysqli->query('SELECT `tbl_mengelola_pemesanan`.*, `tbl_input_data_rekanan`.`nama_rek`, `tbl_input_data_rekanan`.`alamat`, `tbl_input_data_rekanan`.`npwp`, `tbl_input_data_rekanan`.`telepon`, `tbl_input_data_produk`.`nama_jenis_produk`, `produk`.`nama_kategori_produk`, `produk`.`satuan`
FROM `tbl_mengelola_pemesanan`
JOIN `rekanan` ON `rekanan`.`id` = `tbl_mengelola_pemesanan`.`rekanan_id`
JOIN `tbl_input_data_rekanan` ON `tbl_input_data_rekanan`.`nama_rek` = `tbl_mengelola_pemesanan`.`nama_rek`
JOIN `tbl_input_data_produk` ON `tbl_input_data_produk`.`nama_jenis_produk` = `tbl_mengelola_pemesanan`.`nama_jenis_produk`
JOIN `produk` ON `produk`.`id` = `tbl_mengelola_pemesanan`.`produk_id`
WHERE `tbl_mengelola_pemesanan`.`id_so` = \'4\'', 0)
 2 SYSTEMPATH\Database\BaseConnection.php(738): CodeIgniter\Database\MySQLi\Connection->execute('SELECT `tbl_mengelola_pemesanan`.*, `tbl_input_data_rekanan`.`nama_rek`, `tbl_input_data_rekanan`.`alamat`, `tbl_input_data_rekanan`.`npwp`, `tbl_input_data_rekanan`.`telepon`, `tbl_input_data_produk`.`nama_jenis_produk`, `produk`.`nama_kategori_produk`, `produk`.`satuan`
FROM `tbl_mengelola_pemesanan`
JOIN `rekanan` ON `rekanan`.`id` = `tbl_mengelola_pemesanan`.`rekanan_id`
JOIN `tbl_input_data_rekanan` ON `tbl_input_data_rekanan`.`nama_rek` = `tbl_mengelola_pemesanan`.`nama_rek`
JOIN `tbl_input_data_produk` ON `tbl_input_data_produk`.`nama_jenis_produk` = `tbl_mengelola_pemesanan`.`nama_jenis_produk`
JOIN `produk` ON `produk`.`id` = `tbl_mengelola_pemesanan`.`produk_id`
WHERE `tbl_mengelola_pemesanan`.`id_so` = \'4\'')
 3 SYSTEMPATH\Database\BaseConnection.php(652): CodeIgniter\Database\BaseConnection->simpleQuery('SELECT `tbl_mengelola_pemesanan`.*, `tbl_input_data_rekanan`.`nama_rek`, `tbl_input_data_rekanan`.`alamat`, `tbl_input_data_rekanan`.`npwp`, `tbl_input_data_rekanan`.`telepon`, `tbl_input_data_produk`.`nama_jenis_produk`, `produk`.`nama_kategori_produk`, `produk`.`satuan`
FROM `tbl_mengelola_pemesanan`
JOIN `rekanan` ON `rekanan`.`id` = `tbl_mengelola_pemesanan`.`rekanan_id`
JOIN `tbl_input_data_rekanan` ON `tbl_input_data_rekanan`.`nama_rek` = `tbl_mengelola_pemesanan`.`nama_rek`
JOIN `tbl_input_data_produk` ON `tbl_input_data_produk`.`nama_jenis_produk` = `tbl_mengelola_pemesanan`.`nama_jenis_produk`
JOIN `produk` ON `produk`.`id` = `tbl_mengelola_pemesanan`.`produk_id`
WHERE `tbl_mengelola_pemesanan`.`id_so` = \'4\'')
 4 SYSTEMPATH\Database\BaseBuilder.php(1649): CodeIgniter\Database\BaseConnection->query('SELECT `tbl_mengelola_pemesanan`.*, `tbl_input_data_rekanan`.`nama_rek`, `tbl_input_data_rekanan`.`alamat`, `tbl_input_data_rekanan`.`npwp`, `tbl_input_data_rekanan`.`telepon`, `tbl_input_data_produk`.`nama_jenis_produk`, `produk`.`nama_kategori_produk`, `produk`.`satuan`
FROM `tbl_mengelola_pemesanan`
JOIN `rekanan` ON `rekanan`.`id` = `tbl_mengelola_pemesanan`.`rekanan_id`
JOIN `tbl_input_data_rekanan` ON `tbl_input_data_rekanan`.`nama_rek` = `tbl_mengelola_pemesanan`.`nama_rek`
JOIN `tbl_input_data_produk` ON `tbl_input_data_produk`.`nama_jenis_produk` = `tbl_mengelola_pemesanan`.`nama_jenis_produk`
JOIN `produk` ON `produk`.`id` = `tbl_mengelola_pemesanan`.`produk_id`
WHERE `tbl_mengelola_pemesanan`.`id_so` = :tbl_mengelola_pemesanan.id_so:', [...], false)
 5 SYSTEMPATH\Model.php(210): CodeIgniter\Database\BaseBuilder->get()
 6 SYSTEMPATH\BaseModel.php(613): CodeIgniter\Model->doFind(true, '4')
 7 APPPATH\Controllers\Invoice.php(52): CodeIgniter\BaseModel->find('4')
 8 SYSTEMPATH\CodeIgniter.php(933): App\Controllers\Invoice->create('4')
 9 SYSTEMPATH\CodeIgniter.php(507): CodeIgniter\CodeIgniter->runController(Object(App\Controllers\Invoice))
10 SYSTEMPATH\CodeIgniter.php(354): CodeIgniter\CodeIgniter->handleRequest(null, Object(Config\Cache), false)
11 SYSTEMPATH\Boot.php(334): CodeIgniter\CodeIgniter->run()
12 SYSTEMPATH\Boot.php(67): CodeIgniter\Boot::runCodeIgniter(Object(CodeIgniter\CodeIgniter))
13 FCPATH\index.php(59): CodeIgniter\Boot::bootWeb(Object(Config\Paths))
14 SYSTEMPATH\rewrite.php(44): require_once('C:\\laragon\\www\\invoice-ci4\\public\\index.php')
DEBUG - 2025-07-09 19:52:39 --> Session: Class initialized using 'CodeIgniter\Session\Handlers\FileHandler' driver.
